<?xml version="1.0" encoding="UTF-8"?>
<testsuite xmlns:xsi="http://www.w3.org/2001/XMLSchema-instance" xsi:noNamespaceSchemaLocation="https://maven.apache.org/surefire/maven-surefire-plugin/xsd/surefire-test-report-3.0.xsd" version="3.0" name="com.example.legacy.controller.GlobalExceptionHandlerTest" time="0.179" tests="6" errors="0" skipped="0" failures="0">
  <properties>
[...]
</properties>
  <testcase name="validationFailure_returns400WithFieldErrors" classname="com.example.legacy.controller.GlobalExceptionHandlerTest" time="0.13">
    <system-out><![CDATA[22:43:20.174 [main] DEBUG org.springframework.core.env.StandardEnvironment - Adding [systemProperties] PropertySource with lowest search precedence
22:43:20.174 [main] DEBUG org.springframework.core.env.StandardEnvironment - Adding [systemEnvironment] PropertySource with lowest search precedence
22:43:20.174 [main] DEBUG org.springframework.core.env.StandardEnvironment - Initialized StandardEnvironment with PropertySources [systemProperties,systemEnvironment]
22:43:20.189 [main] DEBUG org.springframework.test.web.servlet.setup.StandaloneMockMvcBuilder$StaticRequestMappingHandlerMapping - Looking for request mappings in application context: org.springframework.test.web.servlet.setup.StubWebApplicationContext@5e1dde44
22:43:20.196 [main] DEBUG org.springframework.test.web.servlet.setup.StandaloneMockMvcBuilder$StaticRequestMappingHandlerMapping - 5 request handler methods found on class com.example.legacy.controller.GlobalExceptionHandlerTest$TestController: {public org.springframework.http.ResponseEntity com.example.legacy.controller.GlobalExceptionHandlerTest$TestController.validate(com.example.legacy.dto.EmployeeRequest)={[/test/validate],methods=[POST]}, public java.lang.String com.example.legacy.controller.GlobalExceptionHandlerTest$TestController.notFound()={[/test/not-found]}, public java.lang.String com.example.legacy.controller.GlobalExceptionHandlerTest$TestController.conflict()={[/test/conflict]}, public java.lang.String com.example.legacy.controller.GlobalExceptionHandlerTest$TestController.badRequest()={[/test/bad-request]}, public java.lang.String com.example.legacy.controller.GlobalExceptionHandlerTest$TestController.serverError()={[/test/server-error]}}
22:43:20.196 [main] INFO org.springframework.test.web.servlet.setup.StandaloneMockMvcBuilder$StaticRequestMappingHandlerMapping - Mapped "{[/test/validate],methods=[POST]}" onto public org.springframework.http.ResponseEntity<java.lang.String> com.example.legacy.controller.GlobalExceptionHandlerTest$TestController.validate(com.example.legacy.dto.EmployeeRequest)
22:43:20.198 [main] INFO org.springframework.test.web.servlet.setup.StandaloneMockMvcBuilder$StaticRequestMappingHandlerMapping - Mapped "{[/test/not-found]}" onto public java.lang.String com.example.legacy.controller.GlobalExceptionHandlerTest$TestController.notFound()
22:43:20.198 [main] INFO org.springframework.test.web.servlet.setup.StandaloneMockMvcBuilder$StaticRequestMappingHandlerMapping - Mapped "{[/test/conflict]}" onto public java.lang.String com.example.legacy.controller.GlobalExceptionHandlerTest$TestController.conflict()
22:43:20.198 [main] INFO org.springframework.test.web.servlet.setup.StandaloneMockMvcBuilder$StaticRequestMappingHandlerMapping - Mapped "{[/test/bad-request]}" onto public java.lang.String com.example.legacy.controller.GlobalExceptionHandlerTest$TestController.badRequest()
22:43:20.198 [main] INFO org.springframework.test.web.servlet.setup.StandaloneMockMvcBuilder$StaticRequestMappingHandlerMapping - Mapped "{[/test/server-error]}" onto public java.lang.String com.example.legacy.controller.GlobalExceptionHandlerTest$TestController.serverError()
22:43:20.229 [main] DEBUG org.hibernate.validator.internal.engine.resolver.DefaultTraversableResolver - Cannot find javax.persistence.Persistence on classpath. Assuming non JPA 2 environment. All properties will per default be traversable.
22:43:20.229 [main] DEBUG org.hibernate.validator.internal.engine.ConfigurationImpl - Setting custom MessageInterpolator of type org.springframework.validation.beanvalidation.LocaleContextMessageInterpolator
22:43:20.230 [main] DEBUG org.hibernate.validator.internal.engine.ConfigurationImpl - Setting custom ParameterNameProvider of type jdk.proxy2.$Proxy51
22:43:20.230 [main] DEBUG org.hibernate.validator.internal.xml.ValidationXmlParser - Trying to load META-INF/validation.xml for XML based Validator configuration.
22:43:20.230 [main] DEBUG org.hibernate.validator.internal.xml.ResourceLoaderHelper - Trying to load META-INF/validation.xml via TCCL
22:43:20.230 [main] DEBUG org.hibernate.validator.internal.xml.ResourceLoaderHelper - Trying to load META-INF/validation.xml via Hibernate Validator's class loader
22:43:20.230 [main] DEBUG org.hibernate.validator.internal.xml.ValidationXmlParser - No META-INF/validation.xml found. Using annotation based configuration only.
22:43:20.231 [main] INFO org.springframework.web.servlet.mvc.method.annotation.RequestMappingHandlerAdapter - Looking for @ControllerAdvice: org.springframework.test.web.servlet.setup.StubWebApplicationContext@5e1dde44
22:43:20.243 [main] DEBUG org.springframework.web.servlet.mvc.method.annotation.ExceptionHandlerExceptionResolver - Looking for exception mappings: org.springframework.test.web.servlet.setup.StubWebApplicationContext@5e1dde44
22:43:20.244 [main] INFO org.springframework.web.servlet.mvc.method.annotation.ExceptionHandlerExceptionResolver - Detected @ExceptionHandler methods in com.example.legacy.controller.GlobalExceptionHandler#39bbd9e0
22:43:20.249 [main] DEBUG org.springframework.test.web.servlet.TestDispatcherServlet - Initializing servlet ''
22:43:20.249 [main] DEBUG org.springframework.web.context.support.StandardServletEnvironment - Adding [servletConfigInitParams] PropertySource with lowest search precedence
22:43:20.249 [main] DEBUG org.springframework.web.context.support.StandardServletEnvironment - Adding [servletContextInitParams] PropertySource with lowest search precedence
22:43:20.250 [main] DEBUG org.springframework.web.context.support.StandardServletEnvironment - Adding [systemProperties] PropertySource with lowest search precedence
22:43:20.250 [main] DEBUG org.springframework.web.context.support.StandardServletEnvironment - Adding [systemEnvironment] PropertySource with lowest search precedence
22:43:20.250 [main] DEBUG org.springframework.web.context.support.StandardServletEnvironment - Initialized StandardServletEnvironment with PropertySources [servletConfigInitParams,servletContextInitParams,systemProperties,systemEnvironment]
22:43:20.250 [main] INFO org.springframework.mock.web.MockServletContext - Initializing Spring FrameworkServlet ''
22:43:20.250 [main] INFO org.springframework.test.web.servlet.TestDispatcherServlet - FrameworkServlet '': initialization started
22:43:20.251 [main] DEBUG org.springframework.test.web.servlet.TestDispatcherServlet - Unable to locate MultipartResolver with name 'multipartResolver': no multipart request handling provided
22:43:20.251 [main] DEBUG org.springframework.test.web.servlet.TestDispatcherServlet - Using LocaleResolver [org.springframework.web.servlet.i18n.AcceptHeaderLocaleResolver@6d67f5eb]
22:43:20.251 [main] DEBUG org.springframework.test.web.servlet.TestDispatcherServlet - Using ThemeResolver [org.springframework.web.servlet.theme.FixedThemeResolver@4f654cee]
22:43:20.251 [main] DEBUG org.springframework.test.web.servlet.TestDispatcherServlet - Using RequestToViewNameTranslator [org.springframework.web.servlet.view.DefaultRequestToViewNameTranslator@3e1fd62b]
22:43:20.251 [main] DEBUG org.springframework.test.web.servlet.TestDispatcherServlet - Using FlashMapManager [org.springframework.web.servlet.support.SessionFlashMapManager@7112ce6]
22:43:20.251 [main] DEBUG org.springframework.test.web.servlet.TestDispatcherServlet - Published WebApplicationContext of servlet '' as ServletContext attribute with name [org.springframework.web.servlet.FrameworkServlet.CONTEXT.]
22:43:20.251 [main] INFO org.springframework.test.web.servlet.TestDispatcherServlet - FrameworkServlet '': initialization completed in 1 ms
22:43:20.251 [main] DEBUG org.springframework.test.web.servlet.TestDispatcherServlet - Servlet '' configured successfully
22:43:20.260 [main] DEBUG org.springframework.test.web.servlet.TestDispatcherServlet - DispatcherServlet with name '' processing POST request for [/test/validate]
22:43:20.261 [main] DEBUG org.springframework.test.web.servlet.setup.StandaloneMockMvcBuilder$StaticRequestMappingHandlerMapping - Looking up handler method for path /test/validate
22:43:20.261 [main] DEBUG org.springframework.test.web.servlet.setup.StandaloneMockMvcBuilder$StaticRequestMappingHandlerMapping - Returning handler method [public org.springframework.http.ResponseEntity<java.lang.String> com.example.legacy.controller.GlobalExceptionHandlerTest$TestController.validate(com.example.legacy.dto.EmployeeRequest)]
22:43:20.273 [main] DEBUG org.springframework.web.servlet.mvc.method.annotation.RequestResponseBodyMethodProcessor - Read [class com.example.legacy.dto.EmployeeRequest] as "application/json" with [org.springframework.http.converter.json.MappingJackson2HttpMessageConverter@5dc769f9]
22:43:20.277 [main] DEBUG org.hibernate.validator.internal.metadata.descriptor.ConstraintDescriptorImpl - Adding composing constraint: ConstraintDescriptorImpl{annotation=javax.validation.constraints.NotNull, payloads=[], hasComposingConstraints=true, isReportAsSingleInvalidConstraint=false, elementType=FIELD, definedOn=DEFINED_LOCALLY, groups=[interface javax.validation.groups.Default], attributes={message={javax.validation.constraints.NotNull.message}, payload=[Ljava.lang.Class;@4816ee24, groups=[Ljava.lang.Class;@20d33ea}, constraintType=GENERIC}.
22:43:20.277 [main] DEBUG org.hibernate.validator.internal.metadata.descriptor.ConstraintDescriptorImpl - Adding composing constraint: ConstraintDescriptorImpl{annotation=javax.validation.constraints.NotNull, payloads=[], hasComposingConstraints=true, isReportAsSingleInvalidConstraint=false, elementType=FIELD, definedOn=DEFINED_LOCALLY, groups=[interface javax.validation.groups.Default], attributes={message={javax.validation.constraints.NotNull.message}, payload=[Ljava.lang.Class;@73613ae5, groups=[Ljava.lang.Class;@5a13fcf3}, constraintType=GENERIC}.
22:43:20.278 [main] DEBUG org.hibernate.validator.internal.metadata.descriptor.ConstraintDescriptorImpl - Adding composing constraint: ConstraintDescriptorImpl{annotation=javax.validation.constraints.Pattern, payloads=[], hasComposingConstraints=true, isReportAsSingleInvalidConstraint=false, elementType=FIELD, definedOn=DEFINED_LOCALLY, groups=[interface javax.validation.groups.Default], attributes={flags=[Ljavax.validation.constraints.Pattern$Flag;@5c7bfdc1, groups=[Ljava.lang.Class;@250b5e5b, regexp=.*, message={javax.validation.constraints.Pattern.message}, payload=[Ljava.lang.Class;@4ef2ab73}, constraintType=GENERIC}.
22:43:20.278 [main] DEBUG org.hibernate.validator.internal.metadata.descriptor.ConstraintDescriptorImpl - Adding composing constraint: ConstraintDescriptorImpl{annotation=javax.validation.constraints.NotNull, payloads=[], hasComposingConstraints=true, isReportAsSingleInvalidConstraint=false, elementType=FIELD, definedOn=DEFINED_LOCALLY, groups=[interface javax.validation.groups.Default], attributes={message={javax.validation.constraints.NotNull.message}, payload=[Ljava.lang.Class;@34be065a, groups=[Ljava.lang.Class;@718f805a}, constraintType=GENERIC}.
22:43:20.280 [main] DEBUG org.hibernate.validator.resourceloading.PlatformResourceBundleLocator - ValidationMessages not found.
22:43:20.280 [main] DEBUG org.hibernate.validator.resourceloading.PlatformResourceBundleLocator - ContributorValidationMessages not found.
22:43:20.280 [main] DEBUG org.hibernate.validator.resourceloading.PlatformResourceBundleLocator - org.hibernate.validator.ValidationMessages found.
22:43:20.281 [main] DEBUG org.hibernate.validator.resourceloading.PlatformResourceBundleLocator - ValidationMessages not found.
22:43:20.281 [main] DEBUG org.hibernate.validator.resourceloading.PlatformResourceBundleLocator - ContributorValidationMessages not found.
22:43:20.281 [main] DEBUG org.hibernate.validator.resourceloading.PlatformResourceBundleLocator - org.hibernate.validator.ValidationMessages found.
22:43:20.281 [main] DEBUG org.hibernate.validator.resourceloading.PlatformResourceBundleLocator - ValidationMessages not found.
22:43:20.281 [main] DEBUG org.hibernate.validator.resourceloading.PlatformResourceBundleLocator - ContributorValidationMessages not found.
22:43:20.281 [main] DEBUG org.hibernate.validator.resourceloading.PlatformResourceBundleLocator - org.hibernate.validator.ValidationMessages found.
22:43:20.281 [main] DEBUG org.hibernate.validator.resourceloading.PlatformResourceBundleLocator - ValidationMessages not found.
22:43:20.281 [main] DEBUG org.hibernate.validator.resourceloading.PlatformResourceBundleLocator - ContributorValidationMessages not found.
22:43:20.281 [main] DEBUG org.hibernate.validator.resourceloading.PlatformResourceBundleLocator - org.hibernate.validator.ValidationMessages found.
22:43:20.283 [main] DEBUG org.springframework.web.servlet.mvc.method.annotation.ServletInvocableHandlerMethod - Error resolving argument [0] [type=com.example.legacy.dto.EmployeeRequest]
HandlerMethod details: 
Controller [com.example.legacy.controller.GlobalExceptionHandlerTest$TestController]
Method [public org.springframework.http.ResponseEntity<java.lang.String> com.example.legacy.controller.GlobalExceptionHandlerTest$TestController.validate(com.example.legacy.dto.EmployeeRequest)]

org.springframework.web.bind.MethodArgumentNotValidException: Validation failed for argument at index 0 in method: public org.springframework.http.ResponseEntity<java.lang.String> com.example.legacy.controller.GlobalExceptionHandlerTest$TestController.validate(com.example.legacy.dto.EmployeeRequest), with 4 error(s): [Field error in object 'employeeRequest' on field 'email': rejected value [not-an-email]; codes [Email.employeeRequest.email,Email.email,Email.java.lang.String,Email]; arguments [org.springframework.context.support.DefaultMessageSourceResolvable: codes [employeeRequest.email,email]; arguments []; default message [email],[Ljavax.validation.constraints.Pattern$Flag;@5c7bfdc1,org.springframework.validation.beanvalidation.SpringValidatorAdapter$ResolvableAttribute@4c51077d]; default message [Email must be a valid email address]] [Field error in object 'employeeRequest' on field 'name': rejected value []; codes [NotBlank.employeeRequest.name,NotBlank.name,NotBlank.java.lang.String,NotBlank]; arguments [org.springframework.context.support.DefaultMessageSourceResolvable: codes [employeeRequest.name,name]; arguments []; default message [name]]; default message [Name is required]] [Field error in object 'employeeRequest' on field 'salary': rejected value [-1]; codes [DecimalMin.employeeRequest.salary,DecimalMin.salary,DecimalMin.java.math.BigDecimal,DecimalMin]; arguments [org.springframework.context.support.DefaultMessageSourceResolvable: codes [employeeRequest.salary,salary]; arguments []; default message [salary],true,org.springframework.validation.beanvalidation.SpringValidatorAdapter$ResolvableAttribute@5974b7e8]; default message [Salary must be zero or greater]] [Field error in object 'employeeRequest' on field 'hireDate': rejected value [null]; codes [NotNull.employeeRequest.hireDate,NotNull.hireDate,NotNull.java.util.Date,NotNull]; arguments [org.springframework.context.support.DefaultMessageSourceResolvable: codes [employeeRequest.hireDate,hireDate]; arguments []; default message [hireDate]]; default message [Hire date is required]] 
	at org.springframework.web.servlet.mvc.method.annotation.RequestResponseBodyMethodProcessor.resolveArgument(RequestResponseBodyMethodProcessor.java:134)
	at org.springframework.web.method.support.HandlerMethodArgumentResolverComposite.resolveArgument(HandlerMethodArgumentResolverComposite.java:121)
	at org.springframework.web.method.support.InvocableHandlerMethod.getMethodArgumentValues(InvocableHandlerMethod.java:160)
	at org.springframework.web.method.support.InvocableHandlerMethod.invokeForRequest(InvocableHandlerMethod.java:129)
	at org.springframework.web.servlet.mvc.method.annotation.ServletInvocableHandlerMethod.invokeAndHandle(ServletInvocableHandlerMethod.java:116)
	at org.springframework.web.servlet.mvc.method.annotation.RequestMappingHandlerAdapter.invokeHandlerMethod(RequestMappingHandlerAdapter.java:827)
	at org.springframework.web.servlet.mvc.method.annotation.RequestMappingHandlerAdapter.handleInternal(RequestMappingHandlerAdapter.java:738)
	at org.springframework.web.servlet.mvc.method.AbstractHandlerMethodAdapter.handle(AbstractHandlerMethodAdapter.java:85)
	at org.springframework.web.servlet.DispatcherServlet.doDispatch(DispatcherServlet.java:963)
	at org.springframework.web.servlet.DispatcherServlet.doService(DispatcherServlet.java:897)
	at org.springframework.web.servlet.FrameworkServlet.processRequest(FrameworkServlet.java:970)
	at org.springframework.web.servlet.FrameworkServlet.doPost(FrameworkServlet.java:872)
	at javax.servlet.http.HttpServlet.service(HttpServlet.java:707)
	at org.springframework.web.servlet.FrameworkServlet.service(FrameworkServlet.java:846)
	at org.springframework.test.web.servlet.TestDispatcherServlet.service(TestDispatcherServlet.java:65)
	at javax.servlet.http.HttpServlet.service(HttpServlet.java:790)
	at org.springframework.mock.web.MockFilterChain$ServletFilterProxy.doFilter(MockFilterChain.java:167)
	at org.springframework.mock.web.MockFilterChain.doFilter(MockFilterChain.java:134)
	at org.springframework.test.web.servlet.MockMvc.perform(MockMvc.java:155)
	at com.example.legacy.controller.GlobalExceptionHandlerTest.validationFailure_returns400WithFieldErrors(GlobalExceptionHandlerTest.java:107)
	at java.base/jdk.internal.reflect.DirectMethodHandleAccessor.invoke(DirectMethodHandleAccessor.java:104)
	at java.base/java.lang.reflect.Method.invoke(Method.java:565)
	at org.junit.runners.model.FrameworkMethod$1.runReflectiveCall(FrameworkMethod.java:59)
	at org.junit.internal.runners.model.ReflectiveCallable.run(ReflectiveCallable.java:12)
	at org.junit.runners.model.FrameworkMethod.invokeExplosively(FrameworkMethod.java:56)
	at org.junit.internal.runners.statements.InvokeMethod.evaluate(InvokeMethod.java:17)
	at org.junit.internal.runners.statements.RunBefores.evaluate(RunBefores.java:26)
	at org.junit.runners.ParentRunner$3.evaluate(ParentRunner.java:306)
	at org.junit.runners.BlockJUnit4ClassRunner$1.evaluate(BlockJUnit4ClassRunner.java:100)
	at org.junit.runners.ParentRunner.runLeaf(ParentRunner.java:366)
	at org.junit.runners.BlockJUnit4ClassRunner.runChild(BlockJUnit4ClassRunner.java:103)
	at org.junit.runners.BlockJUnit4ClassRunner.runChild(BlockJUnit4ClassRunner.java:63)
	at org.junit.runners.ParentRunner$4.run(ParentRunner.java:331)
	at org.junit.runners.ParentRunner$1.schedule(ParentRunner.java:79)
	at org.junit.runners.ParentRunner.runChildren(ParentRunner.java:329)
	at org.junit.runners.ParentRunner.access$100(ParentRunner.java:66)
	at org.junit.runners.ParentRunner$2.evaluate(ParentRunner.java:293)
	at org.junit.runners.ParentRunner$3.evaluate(ParentRunner.java:306)
	at org.junit.runners.ParentRunner.run(ParentRunner.java:413)
	at org.apache.maven.surefire.junit4.JUnit4Provider.execute(JUnit4Provider.java:316)
	at org.apache.maven.surefire.junit4.JUnit4Provider.executeWithRerun(JUnit4Provider.java:240)
	at org.apache.maven.surefire.junit4.JUnit4Provider.executeTestSet(JUnit4Provider.java:214)
	at org.apache.maven.surefire.junit4.JUnit4Provider.invoke(JUnit4Provider.java:155)
	at org.apache.maven.surefire.booter.ForkedBooter.runSuitesInProcess(ForkedBooter.java:385)
	at org.apache.maven.surefire.booter.ForkedBooter.execute(ForkedBooter.java:162)
	at org.apache.maven.surefire.booter.ForkedBooter.run(ForkedBooter.java:507)
	at org.apache.maven.surefire.booter.ForkedBooter.main(ForkedBooter.java:495)
22:43:20.284 [main] DEBUG org.springframework.web.servlet.mvc.method.annotation.ExceptionHandlerExceptionResolver - Resolving exception from handler [public org.springframework.http.ResponseEntity<java.lang.String> com.example.legacy.controller.GlobalExceptionHandlerTest$TestController.validate(com.example.legacy.dto.EmployeeRequest)]: org.springframework.web.bind.MethodArgumentNotValidException: Validation failed for argument at index 0 in method: public org.springframework.http.ResponseEntity<java.lang.String> com.example.legacy.controller.GlobalExceptionHandlerTest$TestController.validate(com.example.legacy.dto.EmployeeRequest), with 4 error(s): [Field error in object 'employeeRequest' on field 'email': rejected value [not-an-email]; codes [Email.employeeRequest.email,Email.email,Email.java.lang.String,Email]; arguments [org.springframework.context.support.DefaultMessageSourceResolvable: codes [employeeRequest.email,email]; arguments []; default message [email],[Ljavax.validation.constraints.Pattern$Flag;@5c7bfdc1,org.springframework.validation.beanvalidation.SpringValidatorAdapter$ResolvableAttribute@4c51077d]; default message [Email must be a valid email address]] [Field error in object 'employeeRequest' on field 'name': rejected value []; codes [NotBlank.employeeRequest.name,NotBlank.name,NotBlank.java.lang.String,NotBlank]; arguments [org.springframework.context.support.DefaultMessageSourceResolvable: codes [employeeRequest.name,name]; arguments []; default message [name]]; default message [Name is required]] [Field error in object 'employeeRequest' on field 'salary': rejected value [-1]; codes [DecimalMin.employeeRequest.salary,DecimalMin.salary,DecimalMin.java.math.BigDecimal,DecimalMin]; arguments [org.springframework.context.support.DefaultMessageSourceResolvable: codes [employeeRequest.salary,salary]; arguments []; default message [salary],true,org.springframework.validation.beanvalidation.SpringValidatorAdapter$ResolvableAttribute@5974b7e8]; default message [Salary must be zero or greater]] [Field error in object 'employeeRequest' on field 'hireDate': rejected value [null]; codes [NotNull.employeeRequest.hireDate,NotNull.hireDate,NotNull.java.util.Date,NotNull]; arguments [org.springframework.context.support.DefaultMessageSourceResolvable: codes [employeeRequest.hireDate,hireDate]; arguments []; default message [hireDate]]; default message [Hire date is required]] 
22:43:20.284 [main] DEBUG org.springframework.web.servlet.mvc.method.annotation.ExceptionHandlerExceptionResolver - Invoking @ExceptionHandler method: public org.springframework.http.ResponseEntity<com.example.legacy.dto.ErrorResponse> com.example.legacy.controller.GlobalExceptionHandler.handleValidation(org.springframework.web.bind.MethodArgumentNotValidException)
22:43:20.294 [main] DEBUG org.springframework.web.servlet.mvc.method.annotation.HttpEntityMethodProcessor - Written [com.example.legacy.dto.ErrorResponse@3635099] as "application/json" using [org.springframework.http.converter.json.MappingJackson2HttpMessageConverter@5dc769f9]
22:43:20.294 [main] DEBUG org.springframework.test.web.servlet.TestDispatcherServlet - Null ModelAndView returned to DispatcherServlet with name '': assuming HandlerAdapter completed request handling
22:43:20.294 [main] DEBUG org.springframework.test.web.servlet.TestDispatcherServlet - Successfully completed request
22:43:20.304 [main] DEBUG com.jayway.jsonpath.internal.path.CompiledPath - Evaluating path: $['status']
22:43:20.305 [main] DEBUG com.jayway.jsonpath.internal.path.CompiledPath - Evaluating path: $['message']
22:43:20.305 [main] DEBUG com.jayway.jsonpath.internal.path.CompiledPath - Evaluating path: $['fieldErrors']
22:43:20.307 [main] DEBUG com.jayway.jsonpath.internal.path.CompiledPath - Evaluating path: $['fieldErrors']
22:43:20.307 [main] DEBUG com.jayway.jsonpath.internal.path.CompiledPath - Evaluating path: $['timestamp']
]]></system-out>
  </testcase>
  <testcase name="badRequest_returns400WithJson" classname="com.example.legacy.controller.GlobalExceptionHandlerTest" time="0.01">
    <system-out><![CDATA[22:43:20.307 [main] DEBUG org.springframework.core.env.StandardEnvironment - Adding [systemProperties] PropertySource with lowest search precedence
22:43:20.307 [main] DEBUG org.springframework.core.env.StandardEnvironment - Adding [systemEnvironment] PropertySource with lowest search precedence
22:43:20.307 [main] DEBUG org.springframework.core.env.StandardEnvironment - Initialized StandardEnvironment with PropertySources [systemProperties,systemEnvironment]
22:43:20.308 [main] DEBUG org.springframework.test.web.servlet.setup.StandaloneMockMvcBuilder$StaticRequestMappingHandlerMapping - Looking for request mappings in application context: org.springframework.test.web.servlet.setup.StubWebApplicationContext@5382184b
22:43:20.308 [main] DEBUG org.springframework.test.web.servlet.setup.StandaloneMockMvcBuilder$StaticRequestMappingHandlerMapping - 5 request handler methods found on class com.example.legacy.controller.GlobalExceptionHandlerTest$TestController: {public org.springframework.http.ResponseEntity com.example.legacy.controller.GlobalExceptionHandlerTest$TestController.validate(com.example.legacy.dto.EmployeeRequest)={[/test/validate],methods=[POST]}, public java.lang.String com.example.legacy.controller.GlobalExceptionHandlerTest$TestController.notFound()={[/test/not-found]}, public java.lang.String com.example.legacy.controller.GlobalExceptionHandlerTest$TestController.conflict()={[/test/conflict]}, public java.lang.String com.example.legacy.controller.GlobalExceptionHandlerTest$TestController.badRequest()={[/test/bad-request]}, public java.lang.String com.example.legacy.controller.GlobalExceptionHandlerTest$TestController.serverError()={[/test/server-error]}}
22:43:20.309 [main] INFO org.springframework.test.web.servlet.setup.StandaloneMockMvcBuilder$StaticRequestMappingHandlerMapping - Mapped "{[/test/validate],methods=[POST]}" onto public org.springframework.http.ResponseEntity<java.lang.String> com.example.legacy.controller.GlobalExceptionHandlerTest$TestController.validate(com.example.legacy.dto.EmployeeRequest)
22:43:20.309 [main] INFO org.springframework.test.web.servlet.setup.StandaloneMockMvcBuilder$StaticRequestMappingHandlerMapping - Mapped "{[/test/not-found]}" onto public java.lang.String com.example.legacy.controller.GlobalExceptionHandlerTest$TestController.notFound()
22:43:20.309 [main] INFO org.springframework.test.web.servlet.setup.StandaloneMockMvcBuilder$StaticRequestMappingHandlerMapping - Mapped "{[/test/conflict]}" onto public java.lang.String com.example.legacy.controller.GlobalExceptionHandlerTest$TestController.conflict()
22:43:20.309 [main] INFO org.springframework.test.web.servlet.setup.StandaloneMockMvcBuilder$StaticRequestMappingHandlerMapping - Mapped "{[/test/bad-request]}" onto public java.lang.String com.example.legacy.controller.GlobalExceptionHandlerTest$TestController.badRequest()
22:43:20.309 [main] INFO org.springframework.test.web.servlet.setup.StandaloneMockMvcBuilder$StaticRequestMappingHandlerMapping - Mapped "{[/test/server-error]}" onto public java.lang.String com.example.legacy.controller.GlobalExceptionHandlerTest$TestController.serverError()
22:43:20.313 [main] DEBUG org.hibernate.validator.internal.engine.resolver.DefaultTraversableResolver - Cannot find javax.persistence.Persistence on classpath. Assuming non JPA 2 environment. All properties will per default be traversable.
22:43:20.313 [main] DEBUG org.hibernate.validator.internal.engine.ConfigurationImpl - Setting custom MessageInterpolator of type org.springframework.validation.beanvalidation.LocaleContextMessageInterpolator
22:43:20.313 [main] DEBUG org.hibernate.validator.internal.engine.ConfigurationImpl - Setting custom ParameterNameProvider of type jdk.proxy2.$Proxy51
22:43:20.313 [main] DEBUG org.hibernate.validator.internal.xml.ValidationXmlParser - Trying to load META-INF/validation.xml for XML based Validator configuration.
22:43:20.313 [main] DEBUG org.hibernate.validator.internal.xml.ResourceLoaderHelper - Trying to load META-INF/validation.xml via TCCL
22:43:20.313 [main] DEBUG org.hibernate.validator.internal.xml.ResourceLoaderHelper - Trying to load META-INF/validation.xml via Hibernate Validator's class loader
22:43:20.313 [main] DEBUG org.hibernate.validator.internal.xml.ValidationXmlParser - No META-INF/validation.xml found. Using annotation based configuration only.
22:43:20.313 [main] INFO org.springframework.web.servlet.mvc.method.annotation.RequestMappingHandlerAdapter - Looking for @ControllerAdvice: org.springframework.test.web.servlet.setup.StubWebApplicationContext@5382184b
22:43:20.315 [main] DEBUG org.springframework.web.servlet.mvc.method.annotation.ExceptionHandlerExceptionResolver - Looking for exception mappings: org.springframework.test.web.servlet.setup.StubWebApplicationContext@5382184b
22:43:20.315 [main] INFO org.springframework.web.servlet.mvc.method.annotation.ExceptionHandlerExceptionResolver - Detected @ExceptionHandler methods in com.example.legacy.controller.GlobalExceptionHandler#77cb452c
22:43:20.315 [main] DEBUG org.springframework.test.web.servlet.TestDispatcherServlet - Initializing servlet ''
22:43:20.315 [main] DEBUG org.springframework.web.context.support.StandardServletEnvironment - Adding [servletConfigInitParams] PropertySource with lowest search precedence
22:43:20.315 [main] DEBUG org.springframework.web.context.support.StandardServletEnvironment - Adding [servletContextInitParams] PropertySource with lowest search precedence
22:43:20.316 [main] DEBUG org.springframework.web.context.support.StandardServletEnvironment - Adding [systemProperties] PropertySource with lowest search precedence
22:43:20.316 [main] DEBUG org.springframework.web.context.support.StandardServletEnvironment - Adding [systemEnvironment] PropertySource with lowest search precedence
22:43:20.316 [main] DEBUG org.springframework.web.context.support.StandardServletEnvironment - Initialized StandardServletEnvironment with PropertySources [servletConfigInitParams,servletContextInitParams,systemProperties,systemEnvironment]
22:43:20.316 [main] INFO org.springframework.mock.web.MockServletContext - Initializing Spring FrameworkServlet ''
22:43:20.316 [main] INFO org.springframework.test.web.servlet.TestDispatcherServlet - FrameworkServlet '': initialization started
22:43:20.316 [main] DEBUG org.springframework.test.web.servlet.TestDispatcherServlet - Unable to locate MultipartResolver with name 'multipartResolver': no multipart request handling provided
22:43:20.316 [main] DEBUG org.springframework.test.web.servlet.TestDispatcherServlet - Using LocaleResolver [org.springframework.web.servlet.i18n.AcceptHeaderLocaleResolver@7b5cc918]
22:43:20.316 [main] DEBUG org.springframework.test.web.servlet.TestDispatcherServlet - Using ThemeResolver [org.springframework.web.servlet.theme.FixedThemeResolver@62b3a2f6]
22:43:20.316 [main] DEBUG org.springframework.test.web.servlet.TestDispatcherServlet - Using RequestToViewNameTranslator [org.springframework.web.servlet.view.DefaultRequestToViewNameTranslator@202898d7]
22:43:20.316 [main] DEBUG org.springframework.test.web.servlet.TestDispatcherServlet - Using FlashMapManager [org.springframework.web.servlet.support.SessionFlashMapManager@317890ea]
22:43:20.316 [main] DEBUG org.springframework.test.web.servlet.TestDispatcherServlet - Published WebApplicationContext of servlet '' as ServletContext attribute with name [org.springframework.web.servlet.FrameworkServlet.CONTEXT.]
22:43:20.316 [main] INFO org.springframework.test.web.servlet.TestDispatcherServlet - FrameworkServlet '': initialization completed in 0 ms
22:43:20.316 [main] DEBUG org.springframework.test.web.servlet.TestDispatcherServlet - Servlet '' configured successfully
22:43:20.316 [main] DEBUG org.springframework.test.web.servlet.TestDispatcherServlet - DispatcherServlet with name '' processing GET request for [/test/bad-request]
22:43:20.316 [main] DEBUG org.springframework.test.web.servlet.setup.StandaloneMockMvcBuilder$StaticRequestMappingHandlerMapping - Looking up handler method for path /test/bad-request
22:43:20.316 [main] DEBUG org.springframework.test.web.servlet.setup.StandaloneMockMvcBuilder$StaticRequestMappingHandlerMapping - Returning handler method [public java.lang.String com.example.legacy.controller.GlobalExceptionHandlerTest$TestController.badRequest()]
22:43:20.316 [main] DEBUG org.springframework.test.web.servlet.TestDispatcherServlet - Last-Modified value for [/test/bad-request] is: -1
22:43:20.316 [main] DEBUG org.springframework.web.servlet.mvc.method.annotation.ExceptionHandlerExceptionResolver - Resolving exception from handler [public java.lang.String com.example.legacy.controller.GlobalExceptionHandlerTest$TestController.badRequest()]: com.example.legacy.exception.BadRequestException: At least one search parameter required
22:43:20.316 [main] DEBUG org.springframework.web.servlet.mvc.method.annotation.ExceptionHandlerExceptionResolver - Invoking @ExceptionHandler method: public org.springframework.http.ResponseEntity<com.example.legacy.dto.ErrorResponse> com.example.legacy.controller.GlobalExceptionHandler.handleBadRequest(com.example.legacy.exception.BadRequestException)
22:43:20.317 [main] DEBUG org.springframework.web.servlet.mvc.method.annotation.HttpEntityMethodProcessor - Written [com.example.legacy.dto.ErrorResponse@53aa38be] as "application/json" using [org.springframework.http.converter.json.MappingJackson2HttpMessageConverter@37a0ec3c]
22:43:20.317 [main] DEBUG org.springframework.test.web.servlet.TestDispatcherServlet - Null ModelAndView returned to DispatcherServlet with name '': assuming HandlerAdapter completed request handling
22:43:20.317 [main] DEBUG org.springframework.test.web.servlet.TestDispatcherServlet - Successfully completed request
22:43:20.317 [main] DEBUG com.jayway.jsonpath.internal.path.CompiledPath - Evaluating path: $['status']
22:43:20.317 [main] DEBUG com.jayway.jsonpath.internal.path.CompiledPath - Evaluating path: $['message']
22:43:20.317 [main] DEBUG com.jayway.jsonpath.internal.path.CompiledPath - Evaluating path: $['timestamp']
]]></system-out>
  </testcase>
  <testcase name="notFound_returns404WithJson" classname="com.example.legacy.controller.GlobalExceptionHandlerTest" time="0.009">
    <system-out><![CDATA[22:43:20.317 [main] DEBUG org.springframework.core.env.StandardEnvironment - Adding [systemProperties] PropertySource with lowest search precedence
22:43:20.317 [main] DEBUG org.springframework.core.env.StandardEnvironment - Adding [systemEnvironment] PropertySource with lowest search precedence
22:43:20.317 [main] DEBUG org.springframework.core.env.StandardEnvironment - Initialized StandardEnvironment with PropertySources [systemProperties,systemEnvironment]
22:43:20.318 [main] DEBUG org.springframework.test.web.servlet.setup.StandaloneMockMvcBuilder$StaticRequestMappingHandlerMapping - Looking for request mappings in application context: org.springframework.test.web.servlet.setup.StubWebApplicationContext@422ad5e2
22:43:20.318 [main] DEBUG org.springframework.test.web.servlet.setup.StandaloneMockMvcBuilder$StaticRequestMappingHandlerMapping - 5 request handler methods found on class com.example.legacy.controller.GlobalExceptionHandlerTest$TestController: {public org.springframework.http.ResponseEntity com.example.legacy.controller.GlobalExceptionHandlerTest$TestController.validate(com.example.legacy.dto.EmployeeRequest)={[/test/validate],methods=[POST]}, public java.lang.String com.example.legacy.controller.GlobalExceptionHandlerTest$TestController.notFound()={[/test/not-found]}, public java.lang.String com.example.legacy.controller.GlobalExceptionHandlerTest$TestController.conflict()={[/test/conflict]}, public java.lang.String com.example.legacy.controller.GlobalExceptionHandlerTest$TestController.badRequest()={[/test/bad-request]}, public java.lang.String com.example.legacy.controller.GlobalExceptionHandlerTest$TestController.serverError()={[/test/server-error]}}
22:43:20.318 [main] INFO org.springframework.test.web.servlet.setup.StandaloneMockMvcBuilder$StaticRequestMappingHandlerMapping - Mapped "{[/test/validate],methods=[POST]}" onto public org.springframework.http.ResponseEntity<java.lang.String> com.example.legacy.controller.GlobalExceptionHandlerTest$TestController.validate(com.example.legacy.dto.EmployeeRequest)
22:43:20.318 [main] INFO org.springframework.test.web.servlet.setup.StandaloneMockMvcBuilder$StaticRequestMappingHandlerMapping - Mapped "{[/test/not-found]}" onto public java.lang.String com.example.legacy.controller.GlobalExceptionHandlerTest$TestController.notFound()
22:43:20.318 [main] INFO org.springframework.test.web.servlet.setup.StandaloneMockMvcBuilder$StaticRequestMappingHandlerMapping - Mapped "{[/test/conflict]}" onto public java.lang.String com.example.legacy.controller.GlobalExceptionHandlerTest$TestController.conflict()
22:43:20.318 [main] INFO org.springframework.test.web.servlet.setup.StandaloneMockMvcBuilder$StaticRequestMappingHandlerMapping - Mapped "{[/test/bad-request]}" onto public java.lang.String com.example.legacy.controller.GlobalExceptionHandlerTest$TestController.badRequest()
22:43:20.319 [main] INFO org.springframework.test.web.servlet.setup.StandaloneMockMvcBuilder$StaticRequestMappingHandlerMapping - Mapped "{[/test/server-error]}" onto public java.lang.String com.example.legacy.controller.GlobalExceptionHandlerTest$TestController.serverError()
22:43:20.322 [main] DEBUG org.hibernate.validator.internal.engine.resolver.DefaultTraversableResolver - Cannot find javax.persistence.Persistence on classpath. Assuming non JPA 2 environment. All properties will per default be traversable.
22:43:20.322 [main] DEBUG org.hibernate.validator.internal.engine.ConfigurationImpl - Setting custom MessageInterpolator of type org.springframework.validation.beanvalidation.LocaleContextMessageInterpolator
22:43:20.322 [main] DEBUG org.hibernate.validator.internal.engine.ConfigurationImpl - Setting custom ParameterNameProvider of type jdk.proxy2.$Proxy51
22:43:20.322 [main] DEBUG org.hibernate.validator.internal.xml.ValidationXmlParser - Trying to load META-INF/validation.xml for XML based Validator configuration.
22:43:20.322 [main] DEBUG org.hibernate.validator.internal.xml.ResourceLoaderHelper - Trying to load META-INF/validation.xml via TCCL
22:43:20.322 [main] DEBUG org.hibernate.validator.internal.xml.ResourceLoaderHelper - Trying to load META-INF/validation.xml via Hibernate Validator's class loader
22:43:20.322 [main] DEBUG org.hibernate.validator.internal.xml.ValidationXmlParser - No META-INF/validation.xml found. Using annotation based configuration only.
22:43:20.323 [main] INFO org.springframework.web.servlet.mvc.method.annotation.RequestMappingHandlerAdapter - Looking for @ControllerAdvice: org.springframework.test.web.servlet.setup.StubWebApplicationContext@422ad5e2
22:43:20.324 [main] DEBUG org.springframework.web.servlet.mvc.method.annotation.ExceptionHandlerExceptionResolver - Looking for exception mappings: org.springframework.test.web.servlet.setup.StubWebApplicationContext@422ad5e2
22:43:20.325 [main] INFO org.springframework.web.servlet.mvc.method.annotation.ExceptionHandlerExceptionResolver - Detected @ExceptionHandler methods in com.example.legacy.controller.GlobalExceptionHandler#62a54948
22:43:20.325 [main] DEBUG org.springframework.test.web.servlet.TestDispatcherServlet - Initializing servlet ''
22:43:20.325 [main] DEBUG org.springframework.web.context.support.StandardServletEnvironment - Adding [servletConfigInitParams] PropertySource with lowest search precedence
22:43:20.325 [main] DEBUG org.springframework.web.context.support.StandardServletEnvironment - Adding [servletContextInitParams] PropertySource with lowest search precedence
22:43:20.325 [main] DEBUG org.springframework.web.context.support.StandardServletEnvironment - Adding [systemProperties] PropertySource with lowest search precedence
22:43:20.325 [main] DEBUG org.springframework.web.context.support.StandardServletEnvironment - Adding [systemEnvironment] PropertySource with lowest search precedence
22:43:20.325 [main] DEBUG org.springframework.web.context.support.StandardServletEnvironment - Initialized StandardServletEnvironment with PropertySources [servletConfigInitParams,servletContextInitParams,systemProperties,systemEnvironment]
22:43:20.325 [main] INFO org.springframework.mock.web.MockServletContext - Initializing Spring FrameworkServlet ''
22:43:20.325 [main] INFO org.springframework.test.web.servlet.TestDispatcherServlet - FrameworkServlet '': initialization started
22:43:20.325 [main] DEBUG org.springframework.test.web.servlet.TestDispatcherServlet - Unable to locate MultipartResolver with name 'multipartResolver': no multipart request handling provided
22:43:20.325 [main] DEBUG org.springframework.test.web.servlet.TestDispatcherServlet - Using LocaleResolver [org.springframework.web.servlet.i18n.AcceptHeaderLocaleResolver@2b736fee]
22:43:20.325 [main] DEBUG org.springframework.test.web.servlet.TestDispatcherServlet - Using ThemeResolver [org.springframework.web.servlet.theme.FixedThemeResolver@3249e278]
22:43:20.325 [main] DEBUG org.springframework.test.web.servlet.TestDispatcherServlet - Using RequestToViewNameTranslator [org.springframework.web.servlet.view.DefaultRequestToViewNameTranslator@35adf623]
22:43:20.325 [main] DEBUG org.springframework.test.web.servlet.TestDispatcherServlet - Using FlashMapManager [org.springframework.web.servlet.support.SessionFlashMapManager@456f7d9e]
22:43:20.325 [main] DEBUG org.springframework.test.web.servlet.TestDispatcherServlet - Published WebApplicationContext of servlet '' as ServletContext attribute with name [org.springframework.web.servlet.FrameworkServlet.CONTEXT.]
22:43:20.325 [main] INFO org.springframework.test.web.servlet.TestDispatcherServlet - FrameworkServlet '': initialization completed in 0 ms
22:43:20.325 [main] DEBUG org.springframework.test.web.servlet.TestDispatcherServlet - Servlet '' configured successfully
22:43:20.325 [main] DEBUG org.springframework.test.web.servlet.TestDispatcherServlet - DispatcherServlet with name '' processing GET request for [/test/not-found]
22:43:20.325 [main] DEBUG org.springframework.test.web.servlet.setup.StandaloneMockMvcBuilder$StaticRequestMappingHandlerMapping - Looking up handler method for path /test/not-found
22:43:20.325 [main] DEBUG org.springframework.test.web.servlet.setup.StandaloneMockMvcBuilder$StaticRequestMappingHandlerMapping - Returning handler method [public java.lang.String com.example.legacy.controller.GlobalExceptionHandlerTest$TestController.notFound()]
22:43:20.325 [main] DEBUG org.springframework.test.web.servlet.TestDispatcherServlet - Last-Modified value for [/test/not-found] is: -1
22:43:20.325 [main] DEBUG org.springframework.web.servlet.mvc.method.annotation.ExceptionHandlerExceptionResolver - Resolving exception from handler [public java.lang.String com.example.legacy.controller.GlobalExceptionHandlerTest$TestController.notFound()]: com.example.legacy.exception.NotFoundException: Employee not found: 999
22:43:20.325 [main] DEBUG org.springframework.web.servlet.mvc.method.annotation.ExceptionHandlerExceptionResolver - Invoking @ExceptionHandler method: public org.springframework.http.ResponseEntity<com.example.legacy.dto.ErrorResponse> com.example.legacy.controller.GlobalExceptionHandler.handleNotFound(com.example.legacy.exception.NotFoundException)
22:43:20.326 [main] DEBUG org.springframework.web.servlet.mvc.method.annotation.HttpEntityMethodProcessor - Written [com.example.legacy.dto.ErrorResponse@75d366c2] as "application/json" using [org.springframework.http.converter.json.MappingJackson2HttpMessageConverter@8f40022]
22:43:20.326 [main] DEBUG org.springframework.test.web.servlet.TestDispatcherServlet - Null ModelAndView returned to DispatcherServlet with name '': assuming HandlerAdapter completed request handling
22:43:20.326 [main] DEBUG org.springframework.test.web.servlet.TestDispatcherServlet - Successfully completed request
22:43:20.326 [main] DEBUG com.jayway.jsonpath.internal.path.CompiledPath - Evaluating path: $['status']
22:43:20.326 [main] DEBUG com.jayway.jsonpath.internal.path.CompiledPath - Evaluating path: $['message']
22:43:20.326 [main] DEBUG com.jayway.jsonpath.internal.path.CompiledPath - Evaluating path: $['timestamp']
]]></system-out>
  </testcase>
  <testcase name="genericException_returns500WithJson" classname="com.example.legacy.controller.GlobalExceptionHandlerTest" time="0.008">
    <system-out><![CDATA[22:43:20.326 [main] DEBUG org.springframework.core.env.StandardEnvironment - Adding [systemProperties] PropertySource with lowest search precedence
22:43:20.326 [main] DEBUG org.springframework.core.env.StandardEnvironment - Adding [systemEnvironment] PropertySource with lowest search precedence
22:43:20.326 [main] DEBUG org.springframework.core.env.StandardEnvironment - Initialized StandardEnvironment with PropertySources [systemProperties,systemEnvironment]
22:43:20.327 [main] DEBUG org.springframework.test.web.servlet.setup.StandaloneMockMvcBuilder$StaticRequestMappingHandlerMapping - Looking for request mappings in application context: org.springframework.test.web.servlet.setup.StubWebApplicationContext@5232e3f1
22:43:20.327 [main] DEBUG org.springframework.test.web.servlet.setup.StandaloneMockMvcBuilder$StaticRequestMappingHandlerMapping - 5 request handler methods found on class com.example.legacy.controller.GlobalExceptionHandlerTest$TestController: {public org.springframework.http.ResponseEntity com.example.legacy.controller.GlobalExceptionHandlerTest$TestController.validate(com.example.legacy.dto.EmployeeRequest)={[/test/validate],methods=[POST]}, public java.lang.String com.example.legacy.controller.GlobalExceptionHandlerTest$TestController.notFound()={[/test/not-found]}, public java.lang.String com.example.legacy.controller.GlobalExceptionHandlerTest$TestController.conflict()={[/test/conflict]}, public java.lang.String com.example.legacy.controller.GlobalExceptionHandlerTest$TestController.badRequest()={[/test/bad-request]}, public java.lang.String com.example.legacy.controller.GlobalExceptionHandlerTest$TestController.serverError()={[/test/server-error]}}
22:43:20.327 [main] INFO org.springframework.test.web.servlet.setup.StandaloneMockMvcBuilder$StaticRequestMappingHandlerMapping - Mapped "{[/test/validate],methods=[POST]}" onto public org.springframework.http.ResponseEntity<java.lang.String> com.example.legacy.controller.GlobalExceptionHandlerTest$TestController.validate(com.example.legacy.dto.EmployeeRequest)
22:43:20.327 [main] INFO org.springframework.test.web.servlet.setup.StandaloneMockMvcBuilder$StaticRequestMappingHandlerMapping - Mapped "{[/test/not-found]}" onto public java.lang.String com.example.legacy.controller.GlobalExceptionHandlerTest$TestController.notFound()
22:43:20.327 [main] INFO org.springframework.test.web.servlet.setup.StandaloneMockMvcBuilder$StaticRequestMappingHandlerMapping - Mapped "{[/test/conflict]}" onto public java.lang.String com.example.legacy.controller.GlobalExceptionHandlerTest$TestController.conflict()
22:43:20.327 [main] INFO org.springframework.test.web.servlet.setup.StandaloneMockMvcBuilder$StaticRequestMappingHandlerMapping - Mapped "{[/test/bad-request]}" onto public java.lang.String com.example.legacy.controller.GlobalExceptionHandlerTest$TestController.badRequest()
22:43:20.327 [main] INFO org.springframework.test.web.servlet.setup.StandaloneMockMvcBuilder$StaticRequestMappingHandlerMapping - Mapped "{[/test/server-error]}" onto public java.lang.String com.example.legacy.controller.GlobalExceptionHandlerTest$TestController.serverError()
22:43:20.331 [main] DEBUG org.hibernate.validator.internal.engine.resolver.DefaultTraversableResolver - Cannot find javax.persistence.Persistence on classpath. Assuming non JPA 2 environment. All properties will per default be traversable.
22:43:20.331 [main] DEBUG org.hibernate.validator.internal.engine.ConfigurationImpl - Setting custom MessageInterpolator of type org.springframework.validation.beanvalidation.LocaleContextMessageInterpolator
22:43:20.331 [main] DEBUG org.hibernate.validator.internal.engine.ConfigurationImpl - Setting custom ParameterNameProvider of type jdk.proxy2.$Proxy51
22:43:20.331 [main] DEBUG org.hibernate.validator.internal.xml.ValidationXmlParser - Trying to load META-INF/validation.xml for XML based Validator configuration.
22:43:20.331 [main] DEBUG org.hibernate.validator.internal.xml.ResourceLoaderHelper - Trying to load META-INF/validation.xml via TCCL
22:43:20.331 [main] DEBUG org.hibernate.validator.internal.xml.ResourceLoaderHelper - Trying to load META-INF/validation.xml via Hibernate Validator's class loader
22:43:20.331 [main] DEBUG org.hibernate.validator.internal.xml.ValidationXmlParser - No META-INF/validation.xml found. Using annotation based configuration only.
22:43:20.331 [main] INFO org.springframework.web.servlet.mvc.method.annotation.RequestMappingHandlerAdapter - Looking for @ControllerAdvice: org.springframework.test.web.servlet.setup.StubWebApplicationContext@5232e3f1
22:43:20.333 [main] DEBUG org.springframework.web.servlet.mvc.method.annotation.ExceptionHandlerExceptionResolver - Looking for exception mappings: org.springframework.test.web.servlet.setup.StubWebApplicationContext@5232e3f1
22:43:20.333 [main] INFO org.springframework.web.servlet.mvc.method.annotation.ExceptionHandlerExceptionResolver - Detected @ExceptionHandler methods in com.example.legacy.controller.GlobalExceptionHandler#6c8fe7a4
22:43:20.333 [main] DEBUG org.springframework.test.web.servlet.TestDispatcherServlet - Initializing servlet ''
22:43:20.333 [main] DEBUG org.springframework.web.context.support.StandardServletEnvironment - Adding [servletConfigInitParams] PropertySource with lowest search precedence
22:43:20.333 [main] DEBUG org.springframework.web.context.support.StandardServletEnvironment - Adding [servletContextInitParams] PropertySource with lowest search precedence
22:43:20.333 [main] DEBUG org.springframework.web.context.support.StandardServletEnvironment - Adding [systemProperties] PropertySource with lowest search precedence
22:43:20.333 [main] DEBUG org.springframework.web.context.support.StandardServletEnvironment - Adding [systemEnvironment] PropertySource with lowest search precedence
22:43:20.333 [main] DEBUG org.springframework.web.context.support.StandardServletEnvironment - Initialized StandardServletEnvironment with PropertySources [servletConfigInitParams,servletContextInitParams,systemProperties,systemEnvironment]
22:43:20.333 [main] INFO org.springframework.mock.web.MockServletContext - Initializing Spring FrameworkServlet ''
22:43:20.333 [main] INFO org.springframework.test.web.servlet.TestDispatcherServlet - FrameworkServlet '': initialization started
22:43:20.333 [main] DEBUG org.springframework.test.web.servlet.TestDispatcherServlet - Unable to locate MultipartResolver with name 'multipartResolver': no multipart request handling provided
22:43:20.333 [main] DEBUG org.springframework.test.web.servlet.TestDispatcherServlet - Using LocaleResolver [org.springframework.web.servlet.i18n.AcceptHeaderLocaleResolver@5d7911d5]
22:43:20.333 [main] DEBUG org.springframework.test.web.servlet.TestDispatcherServlet - Using ThemeResolver [org.springframework.web.servlet.theme.FixedThemeResolver@3ba1308d]
22:43:20.333 [main] DEBUG org.springframework.test.web.servlet.TestDispatcherServlet - Using RequestToViewNameTranslator [org.springframework.web.servlet.view.DefaultRequestToViewNameTranslator@5a08b084]
22:43:20.333 [main] DEBUG org.springframework.test.web.servlet.TestDispatcherServlet - Using FlashMapManager [org.springframework.web.servlet.support.SessionFlashMapManager@235c997d]
22:43:20.333 [main] DEBUG org.springframework.test.web.servlet.TestDispatcherServlet - Published WebApplicationContext of servlet '' as ServletContext attribute with name [org.springframework.web.servlet.FrameworkServlet.CONTEXT.]
22:43:20.333 [main] INFO org.springframework.test.web.servlet.TestDispatcherServlet - FrameworkServlet '': initialization completed in 0 ms
22:43:20.333 [main] DEBUG org.springframework.test.web.servlet.TestDispatcherServlet - Servlet '' configured successfully
22:43:20.333 [main] DEBUG org.springframework.test.web.servlet.TestDispatcherServlet - DispatcherServlet with name '' processing GET request for [/test/server-error]
22:43:20.333 [main] DEBUG org.springframework.test.web.servlet.setup.StandaloneMockMvcBuilder$StaticRequestMappingHandlerMapping - Looking up handler method for path /test/server-error
22:43:20.334 [main] DEBUG org.springframework.test.web.servlet.setup.StandaloneMockMvcBuilder$StaticRequestMappingHandlerMapping - Returning handler method [public java.lang.String com.example.legacy.controller.GlobalExceptionHandlerTest$TestController.serverError()]
22:43:20.334 [main] DEBUG org.springframework.test.web.servlet.TestDispatcherServlet - Last-Modified value for [/test/server-error] is: -1
22:43:20.334 [main] DEBUG org.springframework.web.servlet.mvc.method.annotation.ExceptionHandlerExceptionResolver - Resolving exception from handler [public java.lang.String com.example.legacy.controller.GlobalExceptionHandlerTest$TestController.serverError()]: java.lang.RuntimeException: Unexpected error
22:43:20.334 [main] DEBUG org.springframework.web.servlet.mvc.method.annotation.ExceptionHandlerExceptionResolver - Invoking @ExceptionHandler method: public org.springframework.http.ResponseEntity<com.example.legacy.dto.ErrorResponse> com.example.legacy.controller.GlobalExceptionHandler.handleGeneral(java.lang.Exception)
22:43:20.334 [main] DEBUG org.springframework.web.servlet.mvc.method.annotation.HttpEntityMethodProcessor - Written [com.example.legacy.dto.ErrorResponse@36bed37a] as "application/json" using [org.springframework.http.converter.json.MappingJackson2HttpMessageConverter@4a9a878]
22:43:20.334 [main] DEBUG org.springframework.test.web.servlet.TestDispatcherServlet - Null ModelAndView returned to DispatcherServlet with name '': assuming HandlerAdapter completed request handling
22:43:20.334 [main] DEBUG org.springframework.test.web.servlet.TestDispatcherServlet - Successfully completed request
22:43:20.334 [main] DEBUG com.jayway.jsonpath.internal.path.CompiledPath - Evaluating path: $['status']
22:43:20.334 [main] DEBUG com.jayway.jsonpath.internal.path.CompiledPath - Evaluating path: $['message']
22:43:20.334 [main] DEBUG com.jayway.jsonpath.internal.path.CompiledPath - Evaluating path: $['timestamp']
]]></system-out>
  </testcase>
  <testcase name="validationFailure_fieldErrorsContainFieldAndMessage" classname="com.example.legacy.controller.GlobalExceptionHandlerTest" time="0.014">
    <system-out><![CDATA[22:43:20.335 [main] DEBUG org.springframework.core.env.StandardEnvironment - Adding [systemProperties] PropertySource with lowest search precedence
22:43:20.335 [main] DEBUG org.springframework.core.env.StandardEnvironment - Adding [systemEnvironment] PropertySource with lowest search precedence
22:43:20.335 [main] DEBUG org.springframework.core.env.StandardEnvironment - Initialized StandardEnvironment with PropertySources [systemProperties,systemEnvironment]
22:43:20.335 [main] DEBUG org.springframework.test.web.servlet.setup.StandaloneMockMvcBuilder$StaticRequestMappingHandlerMapping - Looking for request mappings in application context: org.springframework.test.web.servlet.setup.StubWebApplicationContext@1b3ab4f9
22:43:20.336 [main] DEBUG org.springframework.test.web.servlet.setup.StandaloneMockMvcBuilder$StaticRequestMappingHandlerMapping - 5 request handler methods found on class com.example.legacy.controller.GlobalExceptionHandlerTest$TestController: {public org.springframework.http.ResponseEntity com.example.legacy.controller.GlobalExceptionHandlerTest$TestController.validate(com.example.legacy.dto.EmployeeRequest)={[/test/validate],methods=[POST]}, public java.lang.String com.example.legacy.controller.GlobalExceptionHandlerTest$TestController.notFound()={[/test/not-found]}, public java.lang.String com.example.legacy.controller.GlobalExceptionHandlerTest$TestController.conflict()={[/test/conflict]}, public java.lang.String com.example.legacy.controller.GlobalExceptionHandlerTest$TestController.badRequest()={[/test/bad-request]}, public java.lang.String com.example.legacy.controller.GlobalExceptionHandlerTest$TestController.serverError()={[/test/server-error]}}
22:43:20.336 [main] INFO org.springframework.test.web.servlet.setup.StandaloneMockMvcBuilder$StaticRequestMappingHandlerMapping - Mapped "{[/test/validate],methods=[POST]}" onto public org.springframework.http.ResponseEntity<java.lang.String> com.example.legacy.controller.GlobalExceptionHandlerTest$TestController.validate(com.example.legacy.dto.EmployeeRequest)
22:43:20.336 [main] INFO org.springframework.test.web.servlet.setup.StandaloneMockMvcBuilder$StaticRequestMappingHandlerMapping - Mapped "{[/test/not-found]}" onto public java.lang.String com.example.legacy.controller.GlobalExceptionHandlerTest$TestController.notFound()
22:43:20.336 [main] INFO org.springframework.test.web.servlet.setup.StandaloneMockMvcBuilder$StaticRequestMappingHandlerMapping - Mapped "{[/test/conflict]}" onto public java.lang.String com.example.legacy.controller.GlobalExceptionHandlerTest$TestController.conflict()
22:43:20.336 [main] INFO org.springframework.test.web.servlet.setup.StandaloneMockMvcBuilder$StaticRequestMappingHandlerMapping - Mapped "{[/test/bad-request]}" onto public java.lang.String com.example.legacy.controller.GlobalExceptionHandlerTest$TestController.badRequest()
22:43:20.336 [main] INFO org.springframework.test.web.servlet.setup.StandaloneMockMvcBuilder$StaticRequestMappingHandlerMapping - Mapped "{[/test/server-error]}" onto public java.lang.String com.example.legacy.controller.GlobalExceptionHandlerTest$TestController.serverError()
22:43:20.339 [main] DEBUG org.hibernate.validator.internal.engine.resolver.DefaultTraversableResolver - Cannot find javax.persistence.Persistence on classpath. Assuming non JPA 2 environment. All properties will per default be traversable.
22:43:20.339 [main] DEBUG org.hibernate.validator.internal.engine.ConfigurationImpl - Setting custom MessageInterpolator of type org.springframework.validation.beanvalidation.LocaleContextMessageInterpolator
22:43:20.339 [main] DEBUG org.hibernate.validator.internal.engine.ConfigurationImpl - Setting custom ParameterNameProvider of type jdk.proxy2.$Proxy51
22:43:20.339 [main] DEBUG org.hibernate.validator.internal.xml.ValidationXmlParser - Trying to load META-INF/validation.xml for XML based Validator configuration.
22:43:20.339 [main] DEBUG org.hibernate.validator.internal.xml.ResourceLoaderHelper - Trying to load META-INF/validation.xml via TCCL
22:43:20.339 [main] DEBUG org.hibernate.validator.internal.xml.ResourceLoaderHelper - Trying to load META-INF/validation.xml via Hibernate Validator's class loader
22:43:20.339 [main] DEBUG org.hibernate.validator.internal.xml.ValidationXmlParser - No META-INF/validation.xml found. Using annotation based configuration only.
22:43:20.340 [main] INFO org.springframework.web.servlet.mvc.method.annotation.RequestMappingHandlerAdapter - Looking for @ControllerAdvice: org.springframework.test.web.servlet.setup.StubWebApplicationContext@1b3ab4f9
22:43:20.341 [main] DEBUG org.springframework.web.servlet.mvc.method.annotation.ExceptionHandlerExceptionResolver - Looking for exception mappings: org.springframework.test.web.servlet.setup.StubWebApplicationContext@1b3ab4f9
22:43:20.341 [main] INFO org.springframework.web.servlet.mvc.method.annotation.ExceptionHandlerExceptionResolver - Detected @ExceptionHandler methods in com.example.legacy.controller.GlobalExceptionHandler#5c6a5192
22:43:20.342 [main] DEBUG org.springframework.test.web.servlet.TestDispatcherServlet - Initializing servlet ''
22:43:20.342 [main] DEBUG org.springframework.web.context.support.StandardServletEnvironment - Adding [servletConfigInitParams] PropertySource with lowest search precedence
22:43:20.342 [main] DEBUG org.springframework.web.context.support.StandardServletEnvironment - Adding [servletContextInitParams] PropertySource with lowest search precedence
22:43:20.342 [main] DEBUG org.springframework.web.context.support.StandardServletEnvironment - Adding [systemProperties] PropertySource with lowest search precedence
22:43:20.342 [main] DEBUG org.springframework.web.context.support.StandardServletEnvironment - Adding [systemEnvironment] PropertySource with lowest search precedence
22:43:20.342 [main] DEBUG org.springframework.web.context.support.StandardServletEnvironment - Initialized StandardServletEnvironment with PropertySources [servletConfigInitParams,servletContextInitParams,systemProperties,systemEnvironment]
22:43:20.342 [main] INFO org.springframework.mock.web.MockServletContext - Initializing Spring FrameworkServlet ''
22:43:20.342 [main] INFO org.springframework.test.web.servlet.TestDispatcherServlet - FrameworkServlet '': initialization started
22:43:20.342 [main] DEBUG org.springframework.test.web.servlet.TestDispatcherServlet - Unable to locate MultipartResolver with name 'multipartResolver': no multipart request handling provided
22:43:20.342 [main] DEBUG org.springframework.test.web.servlet.TestDispatcherServlet - Using LocaleResolver [org.springframework.web.servlet.i18n.AcceptHeaderLocaleResolver@729c8063]
22:43:20.342 [main] DEBUG org.springframework.test.web.servlet.TestDispatcherServlet - Using ThemeResolver [org.springframework.web.servlet.theme.FixedThemeResolver@40ed1802]
22:43:20.342 [main] DEBUG org.springframework.test.web.servlet.TestDispatcherServlet - Using RequestToViewNameTranslator [org.springframework.web.servlet.view.DefaultRequestToViewNameTranslator@23c767e6]
22:43:20.342 [main] DEBUG org.springframework.test.web.servlet.TestDispatcherServlet - Using FlashMapManager [org.springframework.web.servlet.support.SessionFlashMapManager@feb098f]
22:43:20.342 [main] DEBUG org.springframework.test.web.servlet.TestDispatcherServlet - Published WebApplicationContext of servlet '' as ServletContext attribute with name [org.springframework.web.servlet.FrameworkServlet.CONTEXT.]
22:43:20.342 [main] INFO org.springframework.test.web.servlet.TestDispatcherServlet - FrameworkServlet '': initialization completed in 0 ms
22:43:20.342 [main] DEBUG org.springframework.test.web.servlet.TestDispatcherServlet - Servlet '' configured successfully
22:43:20.342 [main] DEBUG org.springframework.test.web.servlet.TestDispatcherServlet - DispatcherServlet with name '' processing POST request for [/test/validate]
22:43:20.342 [main] DEBUG org.springframework.test.web.servlet.setup.StandaloneMockMvcBuilder$StaticRequestMappingHandlerMapping - Looking up handler method for path /test/validate
22:43:20.342 [main] DEBUG org.springframework.test.web.servlet.setup.StandaloneMockMvcBuilder$StaticRequestMappingHandlerMapping - Returning handler method [public org.springframework.http.ResponseEntity<java.lang.String> com.example.legacy.controller.GlobalExceptionHandlerTest$TestController.validate(com.example.legacy.dto.EmployeeRequest)]
22:43:20.343 [main] DEBUG org.springframework.web.servlet.mvc.method.annotation.RequestResponseBodyMethodProcessor - Read [class com.example.legacy.dto.EmployeeRequest] as "application/json" with [org.springframework.http.converter.json.MappingJackson2HttpMessageConverter@19e21f89]
22:43:20.343 [main] DEBUG org.hibernate.validator.internal.metadata.descriptor.ConstraintDescriptorImpl - Adding composing constraint: ConstraintDescriptorImpl{annotation=javax.validation.constraints.NotNull, payloads=[], hasComposingConstraints=true, isReportAsSingleInvalidConstraint=false, elementType=FIELD, definedOn=DEFINED_LOCALLY, groups=[interface javax.validation.groups.Default], attributes={message={javax.validation.constraints.NotNull.message}, payload=[Ljava.lang.Class;@31e739bf, groups=[Ljava.lang.Class;@29079032}, constraintType=GENERIC}.
22:43:20.343 [main] DEBUG org.hibernate.validator.internal.metadata.descriptor.ConstraintDescriptorImpl - Adding composing constraint: ConstraintDescriptorImpl{annotation=javax.validation.constraints.NotNull, payloads=[], hasComposingConstraints=true, isReportAsSingleInvalidConstraint=false, elementType=FIELD, definedOn=DEFINED_LOCALLY, groups=[interface javax.validation.groups.Default], attributes={message={javax.validation.constraints.NotNull.message}, payload=[Ljava.lang.Class;@7e7743ec, groups=[Ljava.lang.Class;@776015fc}, constraintType=GENERIC}.
22:43:20.343 [main] DEBUG org.hibernate.validator.internal.metadata.descriptor.ConstraintDescriptorImpl - Adding composing constraint: ConstraintDescriptorImpl{annotation=javax.validation.constraints.Pattern, payloads=[], hasComposingConstraints=true, isReportAsSingleInvalidConstraint=false, elementType=FIELD, definedOn=DEFINED_LOCALLY, groups=[interface javax.validation.groups.Default], attributes={flags=[Ljavax.validation.constraints.Pattern$Flag;@5c7bfdc1, groups=[Ljava.lang.Class;@7f42e06e, regexp=.*, message={javax.validation.constraints.Pattern.message}, payload=[Ljava.lang.Class;@6ad179b4}, constraintType=GENERIC}.
22:43:20.344 [main] DEBUG org.hibernate.validator.internal.metadata.descriptor.ConstraintDescriptorImpl - Adding composing constraint: ConstraintDescriptorImpl{annotation=javax.validation.constraints.NotNull, payloads=[], hasComposingConstraints=true, isReportAsSingleInvalidConstraint=false, elementType=FIELD, definedOn=DEFINED_LOCALLY, groups=[interface javax.validation.groups.Default], attributes={message={javax.validation.constraints.NotNull.message}, payload=[Ljava.lang.Class;@2efd2f21, groups=[Ljava.lang.Class;@59c500f7}, constraintType=GENERIC}.
22:43:20.346 [main] DEBUG org.hibernate.validator.resourceloading.PlatformResourceBundleLocator - ValidationMessages not found.
22:43:20.346 [main] DEBUG org.hibernate.validator.resourceloading.PlatformResourceBundleLocator - ContributorValidationMessages not found.
22:43:20.346 [main] DEBUG org.hibernate.validator.resourceloading.PlatformResourceBundleLocator - org.hibernate.validator.ValidationMessages found.
22:43:20.346 [main] DEBUG org.springframework.web.servlet.mvc.method.annotation.ServletInvocableHandlerMethod - Error resolving argument [0] [type=com.example.legacy.dto.EmployeeRequest]
HandlerMethod details: 
Controller [com.example.legacy.controller.GlobalExceptionHandlerTest$TestController]
Method [public org.springframework.http.ResponseEntity<java.lang.String> com.example.legacy.controller.GlobalExceptionHandlerTest$TestController.validate(com.example.legacy.dto.EmployeeRequest)]

org.springframework.web.bind.MethodArgumentNotValidException: Validation failed for argument at index 0 in method: public org.springframework.http.ResponseEntity<java.lang.String> com.example.legacy.controller.GlobalExceptionHandlerTest$TestController.validate(com.example.legacy.dto.EmployeeRequest), with 1 error(s): [Field error in object 'employeeRequest' on field 'name': rejected value []; codes [NotBlank.employeeRequest.name,NotBlank.name,NotBlank.java.lang.String,NotBlank]; arguments [org.springframework.context.support.DefaultMessageSourceResolvable: codes [employeeRequest.name,name]; arguments []; default message [name]]; default message [Name is required]] 
	at org.springframework.web.servlet.mvc.method.annotation.RequestResponseBodyMethodProcessor.resolveArgument(RequestResponseBodyMethodProcessor.java:134)
	at org.springframework.web.method.support.HandlerMethodArgumentResolverComposite.resolveArgument(HandlerMethodArgumentResolverComposite.java:121)
	at org.springframework.web.method.support.InvocableHandlerMethod.getMethodArgumentValues(InvocableHandlerMethod.java:160)
	at org.springframework.web.method.support.InvocableHandlerMethod.invokeForRequest(InvocableHandlerMethod.java:129)
	at org.springframework.web.servlet.mvc.method.annotation.ServletInvocableHandlerMethod.invokeAndHandle(ServletInvocableHandlerMethod.java:116)
	at org.springframework.web.servlet.mvc.method.annotation.RequestMappingHandlerAdapter.invokeHandlerMethod(RequestMappingHandlerAdapter.java:827)
	at org.springframework.web.servlet.mvc.method.annotation.RequestMappingHandlerAdapter.handleInternal(RequestMappingHandlerAdapter.java:738)
	at org.springframework.web.servlet.mvc.method.AbstractHandlerMethodAdapter.handle(AbstractHandlerMethodAdapter.java:85)
	at org.springframework.web.servlet.DispatcherServlet.doDispatch(DispatcherServlet.java:963)
	at org.springframework.web.servlet.DispatcherServlet.doService(DispatcherServlet.java:897)
	at org.springframework.web.servlet.FrameworkServlet.processRequest(FrameworkServlet.java:970)
	at org.springframework.web.servlet.FrameworkServlet.doPost(FrameworkServlet.java:872)
	at javax.servlet.http.HttpServlet.service(HttpServlet.java:707)
	at org.springframework.web.servlet.FrameworkServlet.service(FrameworkServlet.java:846)
	at org.springframework.test.web.servlet.TestDispatcherServlet.service(TestDispatcherServlet.java:65)
	at javax.servlet.http.HttpServlet.service(HttpServlet.java:790)
	at org.springframework.mock.web.MockFilterChain$ServletFilterProxy.doFilter(MockFilterChain.java:167)
	at org.springframework.mock.web.MockFilterChain.doFilter(MockFilterChain.java:134)
	at org.springframework.test.web.servlet.MockMvc.perform(MockMvc.java:155)
	at com.example.legacy.controller.GlobalExceptionHandlerTest.validationFailure_fieldErrorsContainFieldAndMessage(GlobalExceptionHandlerTest.java:123)
	at java.base/jdk.internal.reflect.DirectMethodHandleAccessor.invoke(DirectMethodHandleAccessor.java:104)
	at java.base/java.lang.reflect.Method.invoke(Method.java:565)
	at org.junit.runners.model.FrameworkMethod$1.runReflectiveCall(FrameworkMethod.java:59)
	at org.junit.internal.runners.model.ReflectiveCallable.run(ReflectiveCallable.java:12)
	at org.junit.runners.model.FrameworkMethod.invokeExplosively(FrameworkMethod.java:56)
	at org.junit.internal.runners.statements.InvokeMethod.evaluate(InvokeMethod.java:17)
	at org.junit.internal.runners.statements.RunBefores.evaluate(RunBefores.java:26)
	at org.junit.runners.ParentRunner$3.evaluate(ParentRunner.java:306)
	at org.junit.runners.BlockJUnit4ClassRunner$1.evaluate(BlockJUnit4ClassRunner.java:100)
	at org.junit.runners.ParentRunner.runLeaf(ParentRunner.java:366)
	at org.junit.runners.BlockJUnit4ClassRunner.runChild(BlockJUnit4ClassRunner.java:103)
	at org.junit.runners.BlockJUnit4ClassRunner.runChild(BlockJUnit4ClassRunner.java:63)
	at org.junit.runners.ParentRunner$4.run(ParentRunner.java:331)
	at org.junit.runners.ParentRunner$1.schedule(ParentRunner.java:79)
	at org.junit.runners.ParentRunner.runChildren(ParentRunner.java:329)
	at org.junit.runners.ParentRunner.access$100(ParentRunner.java:66)
	at org.junit.runners.ParentRunner$2.evaluate(ParentRunner.java:293)
	at org.junit.runners.ParentRunner$3.evaluate(ParentRunner.java:306)
	at org.junit.runners.ParentRunner.run(ParentRunner.java:413)
	at org.apache.maven.surefire.junit4.JUnit4Provider.execute(JUnit4Provider.java:316)
	at org.apache.maven.surefire.junit4.JUnit4Provider.executeWithRerun(JUnit4Provider.java:240)
	at org.apache.maven.surefire.junit4.JUnit4Provider.executeTestSet(JUnit4Provider.java:214)
	at org.apache.maven.surefire.junit4.JUnit4Provider.invoke(JUnit4Provider.java:155)
	at org.apache.maven.surefire.booter.ForkedBooter.runSuitesInProcess(ForkedBooter.java:385)
	at org.apache.maven.surefire.booter.ForkedBooter.execute(ForkedBooter.java:162)
	at org.apache.maven.surefire.booter.ForkedBooter.run(ForkedBooter.java:507)
	at org.apache.maven.surefire.booter.ForkedBooter.main(ForkedBooter.java:495)
22:43:20.347 [main] DEBUG org.springframework.web.servlet.mvc.method.annotation.ExceptionHandlerExceptionResolver - Resolving exception from handler [public org.springframework.http.ResponseEntity<java.lang.String> com.example.legacy.controller.GlobalExceptionHandlerTest$TestController.validate(com.example.legacy.dto.EmployeeRequest)]: org.springframework.web.bind.MethodArgumentNotValidException: Validation failed for argument at index 0 in method: public org.springframework.http.ResponseEntity<java.lang.String> com.example.legacy.controller.GlobalExceptionHandlerTest$TestController.validate(com.example.legacy.dto.EmployeeRequest), with 1 error(s): [Field error in object 'employeeRequest' on field 'name': rejected value []; codes [NotBlank.employeeRequest.name,NotBlank.name,NotBlank.java.lang.String,NotBlank]; arguments [org.springframework.context.support.DefaultMessageSourceResolvable: codes [employeeRequest.name,name]; arguments []; default message [name]]; default message [Name is required]] 
22:43:20.347 [main] DEBUG org.springframework.web.servlet.mvc.method.annotation.ExceptionHandlerExceptionResolver - Invoking @ExceptionHandler method: public org.springframework.http.ResponseEntity<com.example.legacy.dto.ErrorResponse> com.example.legacy.controller.GlobalExceptionHandler.handleValidation(org.springframework.web.bind.MethodArgumentNotValidException)
22:43:20.347 [main] DEBUG org.springframework.web.servlet.mvc.method.annotation.HttpEntityMethodProcessor - Written [com.example.legacy.dto.ErrorResponse@2a50b32d] as "application/json" using [org.springframework.http.converter.json.MappingJackson2HttpMessageConverter@19e21f89]
22:43:20.347 [main] DEBUG org.springframework.test.web.servlet.TestDispatcherServlet - Null ModelAndView returned to DispatcherServlet with name '': assuming HandlerAdapter completed request handling
22:43:20.347 [main] DEBUG org.springframework.test.web.servlet.TestDispatcherServlet - Successfully completed request
22:43:20.348 [main] DEBUG com.jayway.jsonpath.internal.path.CompiledPath - Evaluating path: $['fieldErrors'][*]['field']
22:43:20.348 [main] DEBUG com.jayway.jsonpath.internal.path.CompiledPath - Evaluating path: $['fieldErrors'][*]['message']
]]></system-out>
  </testcase>
  <testcase name="duplicateEmail_returns409WithJson" classname="com.example.legacy.controller.GlobalExceptionHandlerTest" time="0.007">
    <system-out><![CDATA[22:43:20.348 [main] DEBUG org.springframework.core.env.StandardEnvironment - Adding [systemProperties] PropertySource with lowest search precedence
22:43:20.348 [main] DEBUG org.springframework.core.env.StandardEnvironment - Adding [systemEnvironment] PropertySource with lowest search precedence
22:43:20.348 [main] DEBUG org.springframework.core.env.StandardEnvironment - Initialized StandardEnvironment with PropertySources [systemProperties,systemEnvironment]
22:43:20.349 [main] DEBUG org.springframework.test.web.servlet.setup.StandaloneMockMvcBuilder$StaticRequestMappingHandlerMapping - Looking for request mappings in application context: org.springframework.test.web.servlet.setup.StubWebApplicationContext@42e4e589
22:43:20.349 [main] DEBUG org.springframework.test.web.servlet.setup.StandaloneMockMvcBuilder$StaticRequestMappingHandlerMapping - 5 request handler methods found on class com.example.legacy.controller.GlobalExceptionHandlerTest$TestController: {public org.springframework.http.ResponseEntity com.example.legacy.controller.GlobalExceptionHandlerTest$TestController.validate(com.example.legacy.dto.EmployeeRequest)={[/test/validate],methods=[POST]}, public java.lang.String com.example.legacy.controller.GlobalExceptionHandlerTest$TestController.notFound()={[/test/not-found]}, public java.lang.String com.example.legacy.controller.GlobalExceptionHandlerTest$TestController.conflict()={[/test/conflict]}, public java.lang.String com.example.legacy.controller.GlobalExceptionHandlerTest$TestController.badRequest()={[/test/bad-request]}, public java.lang.String com.example.legacy.controller.GlobalExceptionHandlerTest$TestController.serverError()={[/test/server-error]}}
22:43:20.349 [main] INFO org.springframework.test.web.servlet.setup.StandaloneMockMvcBuilder$StaticRequestMappingHandlerMapping - Mapped "{[/test/validate],methods=[POST]}" onto public org.springframework.http.ResponseEntity<java.lang.String> com.example.legacy.controller.GlobalExceptionHandlerTest$TestController.validate(com.example.legacy.dto.EmployeeRequest)
22:43:20.350 [main] INFO org.springframework.test.web.servlet.setup.StandaloneMockMvcBuilder$StaticRequestMappingHandlerMapping - Mapped "{[/test/not-found]}" onto public java.lang.String com.example.legacy.controller.GlobalExceptionHandlerTest$TestController.notFound()
22:43:20.350 [main] INFO org.springframework.test.web.servlet.setup.StandaloneMockMvcBuilder$StaticRequestMappingHandlerMapping - Mapped "{[/test/conflict]}" onto public java.lang.String com.example.legacy.controller.GlobalExceptionHandlerTest$TestController.conflict()
22:43:20.350 [main] INFO org.springframework.test.web.servlet.setup.StandaloneMockMvcBuilder$StaticRequestMappingHandlerMapping - Mapped "{[/test/bad-request]}" onto public java.lang.String com.example.legacy.controller.GlobalExceptionHandlerTest$TestController.badRequest()
22:43:20.350 [main] INFO org.springframework.test.web.servlet.setup.StandaloneMockMvcBuilder$StaticRequestMappingHandlerMapping - Mapped "{[/test/server-error]}" onto public java.lang.String com.example.legacy.controller.GlobalExceptionHandlerTest$TestController.serverError()
22:43:20.352 [main] DEBUG org.hibernate.validator.internal.engine.resolver.DefaultTraversableResolver - Cannot find javax.persistence.Persistence on classpath. Assuming non JPA 2 environment. All properties will per default be traversable.
22:43:20.353 [main] DEBUG org.hibernate.validator.internal.engine.ConfigurationImpl - Setting custom MessageInterpolator of type org.springframework.validation.beanvalidation.LocaleContextMessageInterpolator
22:43:20.353 [main] DEBUG org.hibernate.validator.internal.engine.ConfigurationImpl - Setting custom ParameterNameProvider of type jdk.proxy2.$Proxy51
22:43:20.353 [main] DEBUG org.hibernate.validator.internal.xml.ValidationXmlParser - Trying to load META-INF/validation.xml for XML based Validator configuration.
22:43:20.353 [main] DEBUG org.hibernate.validator.internal.xml.ResourceLoaderHelper - Trying to load META-INF/validation.xml via TCCL
22:43:20.353 [main] DEBUG org.hibernate.validator.internal.xml.ResourceLoaderHelper - Trying to load META-INF/validation.xml via Hibernate Validator's class loader
22:43:20.353 [main] DEBUG org.hibernate.validator.internal.xml.ValidationXmlParser - No META-INF/validation.xml found. Using annotation based configuration only.
22:43:20.353 [main] INFO org.springframework.web.servlet.mvc.method.annotation.RequestMappingHandlerAdapter - Looking for @ControllerAdvice: org.springframework.test.web.servlet.setup.StubWebApplicationContext@42e4e589
22:43:20.354 [main] DEBUG org.springframework.web.servlet.mvc.method.annotation.ExceptionHandlerExceptionResolver - Looking for exception mappings: org.springframework.test.web.servlet.setup.StubWebApplicationContext@42e4e589
22:43:20.354 [main] INFO org.springframework.web.servlet.mvc.method.annotation.ExceptionHandlerExceptionResolver - Detected @ExceptionHandler methods in com.example.legacy.controller.GlobalExceptionHandler#499ee966
22:43:20.354 [main] DEBUG org.springframework.test.web.servlet.TestDispatcherServlet - Initializing servlet ''
22:43:20.355 [main] DEBUG org.springframework.web.context.support.StandardServletEnvironment - Adding [servletConfigInitParams] PropertySource with lowest search precedence
22:43:20.355 [main] DEBUG org.springframework.web.context.support.StandardServletEnvironment - Adding [servletContextInitParams] PropertySource with lowest search precedence
22:43:20.355 [main] DEBUG org.springframework.web.context.support.StandardServletEnvironment - Adding [systemProperties] PropertySource with lowest search precedence
22:43:20.355 [main] DEBUG org.springframework.web.context.support.StandardServletEnvironment - Adding [systemEnvironment] PropertySource with lowest search precedence
22:43:20.355 [main] DEBUG org.springframework.web.context.support.StandardServletEnvironment - Initialized StandardServletEnvironment with PropertySources [servletConfigInitParams,servletContextInitParams,systemProperties,systemEnvironment]
22:43:20.355 [main] INFO org.springframework.mock.web.MockServletContext - Initializing Spring FrameworkServlet ''
22:43:20.355 [main] INFO org.springframework.test.web.servlet.TestDispatcherServlet - FrameworkServlet '': initialization started
22:43:20.355 [main] DEBUG org.springframework.test.web.servlet.TestDispatcherServlet - Unable to locate MultipartResolver with name 'multipartResolver': no multipart request handling provided
22:43:20.355 [main] DEBUG org.springframework.test.web.servlet.TestDispatcherServlet - Using LocaleResolver [org.springframework.web.servlet.i18n.AcceptHeaderLocaleResolver@2c1f8dbd]
22:43:20.355 [main] DEBUG org.springframework.test.web.servlet.TestDispatcherServlet - Using ThemeResolver [org.springframework.web.servlet.theme.FixedThemeResolver@55c57422]
22:43:20.355 [main] DEBUG org.springframework.test.web.servlet.TestDispatcherServlet - Using RequestToViewNameTranslator [org.springframework.web.servlet.view.DefaultRequestToViewNameTranslator@22825e1e]
22:43:20.355 [main] DEBUG org.springframework.test.web.servlet.TestDispatcherServlet - Using FlashMapManager [org.springframework.web.servlet.support.SessionFlashMapManager@335f5c69]
22:43:20.355 [main] DEBUG org.springframework.test.web.servlet.TestDispatcherServlet - Published WebApplicationContext of servlet '' as ServletContext attribute with name [org.springframework.web.servlet.FrameworkServlet.CONTEXT.]
22:43:20.355 [main] INFO org.springframework.test.web.servlet.TestDispatcherServlet - FrameworkServlet '': initialization completed in 0 ms
22:43:20.355 [main] DEBUG org.springframework.test.web.servlet.TestDispatcherServlet - Servlet '' configured successfully
22:43:20.355 [main] DEBUG org.springframework.test.web.servlet.TestDispatcherServlet - DispatcherServlet with name '' processing GET request for [/test/conflict]
22:43:20.355 [main] DEBUG org.springframework.test.web.servlet.setup.StandaloneMockMvcBuilder$StaticRequestMappingHandlerMapping - Looking up handler method for path /test/conflict
22:43:20.355 [main] DEBUG org.springframework.test.web.servlet.setup.StandaloneMockMvcBuilder$StaticRequestMappingHandlerMapping - Returning handler method [public java.lang.String com.example.legacy.controller.GlobalExceptionHandlerTest$TestController.conflict()]
22:43:20.355 [main] DEBUG org.springframework.test.web.servlet.TestDispatcherServlet - Last-Modified value for [/test/conflict] is: -1
22:43:20.355 [main] DEBUG org.springframework.web.servlet.mvc.method.annotation.ExceptionHandlerExceptionResolver - Resolving exception from handler [public java.lang.String com.example.legacy.controller.GlobalExceptionHandlerTest$TestController.conflict()]: com.example.legacy.exception.DuplicateEmailException: Email already exists: test@example.com
22:43:20.355 [main] DEBUG org.springframework.web.servlet.mvc.method.annotation.ExceptionHandlerExceptionResolver - Invoking @ExceptionHandler method: public org.springframework.http.ResponseEntity<com.example.legacy.dto.ErrorResponse> com.example.legacy.controller.GlobalExceptionHandler.handleDuplicateEmail(com.example.legacy.exception.DuplicateEmailException)
22:43:20.356 [main] DEBUG org.springframework.web.servlet.mvc.method.annotation.HttpEntityMethodProcessor - Written [com.example.legacy.dto.ErrorResponse@63fd4dda] as "application/json" using [org.springframework.http.converter.json.MappingJackson2HttpMessageConverter@1d6751e3]
22:43:20.356 [main] DEBUG org.springframework.test.web.servlet.TestDispatcherServlet - Null ModelAndView returned to DispatcherServlet with name '': assuming HandlerAdapter completed request handling
22:43:20.356 [main] DEBUG org.springframework.test.web.servlet.TestDispatcherServlet - Successfully completed request
22:43:20.356 [main] DEBUG com.jayway.jsonpath.internal.path.CompiledPath - Evaluating path: $['status']
22:43:20.356 [main] DEBUG com.jayway.jsonpath.internal.path.CompiledPath - Evaluating path: $['message']
22:43:20.356 [main] DEBUG com.jayway.jsonpath.internal.path.CompiledPath - Evaluating path: $['timestamp']
]]></system-out>
  </testcase>
</testsuite>