<?xml version="1.0" encoding="UTF-8"?>
<testsuite xmlns:xsi="http://www.w3.org/2001/XMLSchema-instance" xsi:noNamespaceSchemaLocation="https://maven.apache.org/surefire/maven-surefire-plugin/xsd/surefire-test-report-3.0.xsd" version="3.0" name="com.example.legacy.mapper.EmployeeMapperTest" time="0.555" tests="20" errors="0" skipped="0" failures="0">
  <properties>
[...]
</properties>
  <testcase name="findById_returnsEmployee_withAllFields" classname="com.example.legacy.mapper.EmployeeMapperTest" time="0.062">
    <system-out><![CDATA[22:43:19.617 [main] DEBUG org.springframework.test.context.junit4.SpringJUnit4ClassRunner - SpringJUnit4ClassRunner constructor called with [class com.example.legacy.mapper.EmployeeMapperTest]
22:43:19.617 [main] DEBUG org.springframework.test.context.BootstrapUtils - Instantiating CacheAwareContextLoaderDelegate from class [org.springframework.test.context.cache.DefaultCacheAwareContextLoaderDelegate]
22:43:19.620 [main] DEBUG org.springframework.test.context.BootstrapUtils - Instantiating BootstrapContext using constructor [public org.springframework.test.context.support.DefaultBootstrapContext(java.lang.Class,org.springframework.test.context.CacheAwareContextLoaderDelegate)]
22:43:19.623 [main] DEBUG org.springframework.test.context.BootstrapUtils - Instantiating TestContextBootstrapper for test class [com.example.legacy.mapper.EmployeeMapperTest] from class [org.springframework.test.context.support.DefaultTestContextBootstrapper]
22:43:19.630 [main] DEBUG org.springframework.test.context.support.AbstractDelegatingSmartContextLoader - Delegating to AnnotationConfigContextLoader to process context configuration [ContextConfigurationAttributes@4b6e2263 declaringClass = 'com.example.legacy.support.BaseIntegrationTest', classes = '{class com.example.legacy.config.TestAppConfig}', locations = '{}', inheritLocations = true, initializers = '{}', inheritInitializers = true, name = [null], contextLoaderClass = 'org.springframework.test.context.ContextLoader'].
22:43:19.633 [main] DEBUG org.springframework.test.context.support.ActiveProfilesUtils - Could not find an 'annotation declaring class' for annotation type [org.springframework.test.context.ActiveProfiles] and class [com.example.legacy.mapper.EmployeeMapperTest]
22:43:19.634 [main] DEBUG org.springframework.test.context.support.DefaultTestContextBootstrapper - @TestExecutionListeners is not present for class [com.example.legacy.mapper.EmployeeMapperTest]: using defaults.
22:43:19.634 [main] INFO org.springframework.test.context.support.DefaultTestContextBootstrapper - Loaded default TestExecutionListener class names from location [META-INF/spring.factories]: [org.springframework.test.context.web.ServletTestExecutionListener, org.springframework.test.context.support.DirtiesContextBeforeModesTestExecutionListener, org.springframework.test.context.support.DependencyInjectionTestExecutionListener, org.springframework.test.context.support.DirtiesContextTestExecutionListener, org.springframework.test.context.transaction.TransactionalTestExecutionListener, org.springframework.test.context.jdbc.SqlScriptsTestExecutionListener, org.springframework.security.test.context.support.WithSecurityContextTestExecutionListener]
22:43:19.638 [main] INFO org.springframework.test.context.support.DefaultTestContextBootstrapper - Using TestExecutionListeners: [org.springframework.test.context.web.ServletTestExecutionListener@115667d, org.springframework.test.context.support.DirtiesContextBeforeModesTestExecutionListener@736caf7a, org.springframework.test.context.support.DependencyInjectionTestExecutionListener@4ce7fffa, org.springframework.test.context.support.DirtiesContextTestExecutionListener@497486b3, org.springframework.test.context.transaction.TransactionalTestExecutionListener@63f8276e, org.springframework.test.context.jdbc.SqlScriptsTestExecutionListener@75f95314, org.springframework.security.test.context.support.WithSecurityContextTestExecutionListener@6127a7e]
22:43:19.639 [main] DEBUG org.springframework.test.annotation.ProfileValueUtils - Retrieved @ProfileValueSourceConfiguration [null] for test class [com.example.legacy.mapper.EmployeeMapperTest]
22:43:19.639 [main] DEBUG org.springframework.test.annotation.ProfileValueUtils - Retrieved ProfileValueSource type [class org.springframework.test.annotation.SystemProfileValueSource] for class [com.example.legacy.mapper.EmployeeMapperTest]
22:43:19.639 [main] DEBUG org.springframework.test.annotation.ProfileValueUtils - Retrieved @ProfileValueSourceConfiguration [null] for test class [com.example.legacy.mapper.EmployeeMapperTest]
22:43:19.639 [main] DEBUG org.springframework.test.annotation.ProfileValueUtils - Retrieved ProfileValueSource type [class org.springframework.test.annotation.SystemProfileValueSource] for class [com.example.legacy.mapper.EmployeeMapperTest]
22:43:19.639 [main] DEBUG org.springframework.test.annotation.ProfileValueUtils - Retrieved @ProfileValueSourceConfiguration [null] for test class [com.example.legacy.mapper.EmployeeMapperTest]
22:43:19.639 [main] DEBUG org.springframework.test.annotation.ProfileValueUtils - Retrieved ProfileValueSource type [class org.springframework.test.annotation.SystemProfileValueSource] for class [com.example.legacy.mapper.EmployeeMapperTest]
22:43:19.639 [main] DEBUG org.springframework.test.annotation.ProfileValueUtils - Retrieved @ProfileValueSourceConfiguration [null] for test class [com.example.legacy.mapper.EmployeeMapperTest]
22:43:19.639 [main] DEBUG org.springframework.test.annotation.ProfileValueUtils - Retrieved ProfileValueSource type [class org.springframework.test.annotation.SystemProfileValueSource] for class [com.example.legacy.mapper.EmployeeMapperTest]
22:43:19.639 [main] DEBUG org.springframework.test.annotation.ProfileValueUtils - Retrieved @ProfileValueSourceConfiguration [null] for test class [com.example.legacy.mapper.EmployeeMapperTest]
22:43:19.639 [main] DEBUG org.springframework.test.annotation.ProfileValueUtils - Retrieved ProfileValueSource type [class org.springframework.test.annotation.SystemProfileValueSource] for class [com.example.legacy.mapper.EmployeeMapperTest]
22:43:19.640 [main] DEBUG org.springframework.test.context.support.AbstractDirtiesContextTestExecutionListener - Before test class: context [DefaultTestContext@623e088f testClass = EmployeeMapperTest, testInstance = [null], testMethod = [null], testException = [null], mergedContextConfiguration = [MergedContextConfiguration@39fcbef6 testClass = EmployeeMapperTest, locations = '{}', classes = '{class com.example.legacy.config.TestAppConfig}', contextInitializerClasses = '[]', activeProfiles = '{}', propertySourceLocations = '{}', propertySourceProperties = '{}', contextCustomizers = set[[empty]], contextLoader = 'org.springframework.test.context.support.DelegatingSmartContextLoader', parent = [null]]], class annotated with @DirtiesContext [false] with mode [null].
22:43:19.640 [main] DEBUG org.springframework.test.annotation.ProfileValueUtils - Retrieved @ProfileValueSourceConfiguration [null] for test class [com.example.legacy.mapper.EmployeeMapperTest]
22:43:19.640 [main] DEBUG org.springframework.test.annotation.ProfileValueUtils - Retrieved ProfileValueSource type [class org.springframework.test.annotation.SystemProfileValueSource] for class [com.example.legacy.mapper.EmployeeMapperTest]
22:43:19.640 [main] DEBUG org.springframework.test.context.support.DependencyInjectionTestExecutionListener - Performing dependency injection for test context [[DefaultTestContext@623e088f testClass = EmployeeMapperTest, testInstance = com.example.legacy.mapper.EmployeeMapperTest@1c32386d, testMethod = [null], testException = [null], mergedContextConfiguration = [MergedContextConfiguration@39fcbef6 testClass = EmployeeMapperTest, locations = '{}', classes = '{class com.example.legacy.config.TestAppConfig}', contextInitializerClasses = '[]', activeProfiles = '{}', propertySourceLocations = '{}', propertySourceProperties = '{}', contextCustomizers = set[[empty]], contextLoader = 'org.springframework.test.context.support.DelegatingSmartContextLoader', parent = [null]]]].
22:43:19.641 [main] DEBUG org.springframework.test.context.support.AbstractDelegatingSmartContextLoader - Delegating to AnnotationConfigContextLoader to load context from [MergedContextConfiguration@39fcbef6 testClass = EmployeeMapperTest, locations = '{}', classes = '{class com.example.legacy.config.TestAppConfig}', contextInitializerClasses = '[]', activeProfiles = '{}', propertySourceLocations = '{}', propertySourceProperties = '{}', contextCustomizers = set[[empty]], contextLoader = 'org.springframework.test.context.support.DelegatingSmartContextLoader', parent = [null]].
22:43:19.641 [main] DEBUG org.springframework.test.context.support.AbstractGenericContextLoader - Loading ApplicationContext for merged context configuration [[MergedContextConfiguration@39fcbef6 testClass = EmployeeMapperTest, locations = '{}', classes = '{class com.example.legacy.config.TestAppConfig}', contextInitializerClasses = '[]', activeProfiles = '{}', propertySourceLocations = '{}', propertySourceProperties = '{}', contextCustomizers = set[[empty]], contextLoader = 'org.springframework.test.context.support.DelegatingSmartContextLoader', parent = [null]]].
22:43:19.659 [main] DEBUG org.springframework.core.env.StandardEnvironment - Adding [systemProperties] PropertySource with lowest search precedence
22:43:19.660 [main] DEBUG org.springframework.core.env.StandardEnvironment - Adding [systemEnvironment] PropertySource with lowest search precedence
22:43:19.660 [main] DEBUG org.springframework.core.env.StandardEnvironment - Initialized StandardEnvironment with PropertySources [systemProperties,systemEnvironment]
22:43:19.660 [main] DEBUG org.springframework.test.context.support.AnnotationConfigContextLoader - Registering annotated classes: {class com.example.legacy.config.TestAppConfig}
22:43:19.670 [main] INFO org.springframework.context.support.GenericApplicationContext - Refreshing org.springframework.context.support.GenericApplicationContext@6ee660fb: startup date [Thu Mar 19 22:43:19 KST 2026]; root of context hierarchy
22:43:19.670 [main] DEBUG org.springframework.context.support.GenericApplicationContext - Bean factory for org.springframework.context.support.GenericApplicationContext@6ee660fb: org.springframework.beans.factory.support.DefaultListableBeanFactory@45c8d09f: defining beans [org.springframework.context.annotation.internalConfigurationAnnotationProcessor,org.springframework.context.annotation.internalAutowiredAnnotationProcessor,org.springframework.context.annotation.internalRequiredAnnotationProcessor,org.springframework.context.event.internalEventListenerProcessor,org.springframework.context.event.internalEventListenerFactory,testAppConfig]; root of factory hierarchy
22:43:19.674 [main] DEBUG org.springframework.beans.factory.support.DefaultListableBeanFactory - Creating shared instance of singleton bean 'org.springframework.context.annotation.internalConfigurationAnnotationProcessor'
22:43:19.674 [main] DEBUG org.springframework.beans.factory.support.DefaultListableBeanFactory - Creating instance of bean 'org.springframework.context.annotation.internalConfigurationAnnotationProcessor'
22:43:19.677 [main] DEBUG org.springframework.beans.factory.support.DefaultListableBeanFactory - Eagerly caching bean 'org.springframework.context.annotation.internalConfigurationAnnotationProcessor' to allow for resolving potential circular references
22:43:19.678 [main] DEBUG org.springframework.beans.factory.support.DefaultListableBeanFactory - Finished creating instance of bean 'org.springframework.context.annotation.internalConfigurationAnnotationProcessor'
22:43:19.691 [main] DEBUG org.springframework.context.annotation.ConfigurationClassBeanDefinitionReader - Registered bean definition for imported class 'org.springframework.transaction.annotation.ProxyTransactionManagementConfiguration'
22:43:19.692 [main] DEBUG org.springframework.context.annotation.ConfigurationClassBeanDefinitionReader - Registering bean definition for @Bean method org.springframework.transaction.annotation.ProxyTransactionManagementConfiguration.org.springframework.transaction.config.internalTransactionAdvisor()
22:43:19.692 [main] DEBUG org.springframework.context.annotation.ConfigurationClassBeanDefinitionReader - Registering bean definition for @Bean method org.springframework.transaction.annotation.ProxyTransactionManagementConfiguration.transactionAttributeSource()
22:43:19.692 [main] DEBUG org.springframework.context.annotation.ConfigurationClassBeanDefinitionReader - Registering bean definition for @Bean method org.springframework.transaction.annotation.ProxyTransactionManagementConfiguration.transactionInterceptor()
22:43:19.692 [main] DEBUG org.springframework.context.annotation.ConfigurationClassBeanDefinitionReader - Registering bean definition for @Bean method org.springframework.transaction.annotation.ProxyTransactionManagementConfiguration.org.springframework.transaction.config.internalTransactionalEventListenerFactory()
22:43:19.692 [main] DEBUG org.springframework.context.annotation.ConfigurationClassBeanDefinitionReader - Registering bean definition for @Bean method com.example.legacy.config.TestAppConfig.dataSource()
22:43:19.692 [main] DEBUG org.springframework.context.annotation.ConfigurationClassBeanDefinitionReader - Registering bean definition for @Bean method com.example.legacy.config.TestAppConfig.sqlSessionFactory()
22:43:19.695 [main] DEBUG org.springframework.context.annotation.ConfigurationClassBeanDefinitionReader - Registering bean definition for @Bean method com.example.legacy.config.TestAppConfig.transactionManager()
22:43:19.695 [main] DEBUG org.springframework.context.annotation.ConfigurationClassBeanDefinitionReader - Registering bean definition for @Bean method com.example.legacy.config.TestAppConfig.dataSourceInitializer()
22:43:19.696 [main] DEBUG org.springframework.context.annotation.ConfigurationClassBeanDefinitionReader - Registering bean definition for @Bean method com.example.legacy.config.TestAppConfig.mapperScannerConfigurer()
22:43:19.701 [main] DEBUG org.springframework.beans.factory.support.DefaultListableBeanFactory - Creating shared instance of singleton bean 'mapperScannerConfigurer'
22:43:19.701 [main] DEBUG org.springframework.beans.factory.support.DefaultListableBeanFactory - Creating instance of bean 'mapperScannerConfigurer'
22:43:19.702 [main] DEBUG org.springframework.beans.factory.support.DefaultListableBeanFactory - Eagerly caching bean 'mapperScannerConfigurer' to allow for resolving potential circular references
22:43:19.702 [main] DEBUG org.springframework.beans.factory.support.DefaultListableBeanFactory - Invoking afterPropertiesSet() on bean with name 'mapperScannerConfigurer'
22:43:19.703 [main] DEBUG org.springframework.beans.factory.support.DefaultListableBeanFactory - Finished creating instance of bean 'mapperScannerConfigurer'
22:43:19.704 [main] DEBUG org.springframework.core.env.StandardEnvironment - Adding [systemProperties] PropertySource with lowest search precedence
22:43:19.704 [main] DEBUG org.springframework.core.env.StandardEnvironment - Adding [systemEnvironment] PropertySource with lowest search precedence
22:43:19.704 [main] DEBUG org.springframework.core.env.StandardEnvironment - Initialized StandardEnvironment with PropertySources [systemProperties,systemEnvironment]
22:43:19.705 [main] DEBUG org.springframework.core.io.support.PathMatchingResourcePatternResolver - Resolved classpath location [com/example/legacy/mapper/] to resources [URL [file:/Users/pinxbot/Desktop/ralph_loop/examples/asis-legacy/target/test-classes/com/example/legacy/mapper/], URL [file:/Users/pinxbot/Desktop/ralph_loop/examples/asis-legacy/target/classes/com/example/legacy/mapper/]]
22:43:19.705 [main] DEBUG org.springframework.core.io.support.PathMatchingResourcePatternResolver - Looking for matching resources in directory tree [/Users/pinxbot/Desktop/ralph_loop/examples/asis-legacy/target/test-classes/com/example/legacy/mapper]
22:43:19.705 [main] DEBUG org.springframework.core.io.support.PathMatchingResourcePatternResolver - Searching directory [/Users/pinxbot/Desktop/ralph_loop/examples/asis-legacy/target/test-classes/com/example/legacy/mapper] for files matching pattern [/Users/pinxbot/Desktop/ralph_loop/examples/asis-legacy/target/test-classes/com/example/legacy/mapper/**/*.class]
22:43:19.706 [main] DEBUG org.springframework.core.io.support.PathMatchingResourcePatternResolver - Looking for matching resources in directory tree [/Users/pinxbot/Desktop/ralph_loop/examples/asis-legacy/target/classes/com/example/legacy/mapper]
22:43:19.707 [main] DEBUG org.springframework.core.io.support.PathMatchingResourcePatternResolver - Searching directory [/Users/pinxbot/Desktop/ralph_loop/examples/asis-legacy/target/classes/com/example/legacy/mapper] for files matching pattern [/Users/pinxbot/Desktop/ralph_loop/examples/asis-legacy/target/classes/com/example/legacy/mapper/**/*.class]
22:43:19.707 [main] DEBUG org.springframework.core.io.support.PathMatchingResourcePatternResolver - Resolved location pattern [classpath*:com/example/legacy/mapper/**/*.class] to resources [file [/Users/pinxbot/Desktop/ralph_loop/examples/asis-legacy/target/test-classes/com/example/legacy/mapper/EmployeeMapperTest.class], file [/Users/pinxbot/Desktop/ralph_loop/examples/asis-legacy/target/classes/com/example/legacy/mapper/EmployeeMapper.class]]
22:43:19.708 [main] DEBUG org.mybatis.spring.mapper.ClassPathMapperScanner - Ignored because not a concrete top-level class: file [/Users/pinxbot/Desktop/ralph_loop/examples/asis-legacy/target/test-classes/com/example/legacy/mapper/EmployeeMapperTest.class]
22:43:19.708 [main] DEBUG org.mybatis.spring.mapper.ClassPathMapperScanner - Identified candidate component class: file [/Users/pinxbot/Desktop/ralph_loop/examples/asis-legacy/target/classes/com/example/legacy/mapper/EmployeeMapper.class]
22:43:19.708 [main] DEBUG org.mybatis.spring.mapper.ClassPathMapperScanner - Creating MapperFactoryBean with name 'employeeMapper' and 'com.example.legacy.mapper.EmployeeMapper' mapperInterface
22:43:19.708 [main] WARN org.springframework.context.annotation.ConfigurationClassPostProcessor - Cannot enhance @Configuration bean definition 'mapperScannerConfigurer' since its singleton instance has been created too early. The typical cause is a non-static @Bean method with a BeanDefinitionRegistryPostProcessor return type: Consider declaring such methods as 'static'.
22:43:19.732 [main] DEBUG org.springframework.context.annotation.ConfigurationClassEnhancer - Successfully enhanced com.example.legacy.config.TestAppConfig; enhanced class name is: com.example.legacy.config.TestAppConfig$$EnhancerBySpringCGLIB$$ded210f4
22:43:19.732 [main] DEBUG org.springframework.context.annotation.ConfigurationClassPostProcessor - Replacing bean definition 'testAppConfig' existing class 'com.example.legacy.config.TestAppConfig' with enhanced class 'com.example.legacy.config.TestAppConfig$$EnhancerBySpringCGLIB$$ded210f4'
22:43:19.735 [main] DEBUG org.springframework.context.annotation.ConfigurationClassEnhancer - Successfully enhanced org.springframework.transaction.annotation.ProxyTransactionManagementConfiguration; enhanced class name is: org.springframework.transaction.annotation.ProxyTransactionManagementConfiguration$$EnhancerBySpringCGLIB$$54296c56
22:43:19.735 [main] DEBUG org.springframework.context.annotation.ConfigurationClassPostProcessor - Replacing bean definition 'org.springframework.transaction.annotation.ProxyTransactionManagementConfiguration' existing class 'org.springframework.transaction.annotation.ProxyTransactionManagementConfiguration' with enhanced class 'org.springframework.transaction.annotation.ProxyTransactionManagementConfiguration$$EnhancerBySpringCGLIB$$54296c56'
22:43:19.735 [main] DEBUG org.springframework.context.annotation.ConfigurationClassEnhancer - Successfully enhanced com.example.legacy.config.TestAppConfig; enhanced class name is: com.example.legacy.config.TestAppConfig$$EnhancerBySpringCGLIB$$ded210f4
22:43:19.735 [main] DEBUG org.springframework.context.annotation.ConfigurationClassPostProcessor - Replacing bean definition 'mapperScannerConfigurer' existing class 'com.example.legacy.config.TestAppConfig' with enhanced class 'com.example.legacy.config.TestAppConfig$$EnhancerBySpringCGLIB$$ded210f4'
22:43:19.737 [main] DEBUG org.springframework.beans.factory.support.DefaultListableBeanFactory - Creating shared instance of singleton bean 'org.springframework.context.annotation.internalAutowiredAnnotationProcessor'
22:43:19.737 [main] DEBUG org.springframework.beans.factory.support.DefaultListableBeanFactory - Creating instance of bean 'org.springframework.context.annotation.internalAutowiredAnnotationProcessor'
22:43:19.737 [main] DEBUG org.springframework.beans.factory.support.DefaultListableBeanFactory - Eagerly caching bean 'org.springframework.context.annotation.internalAutowiredAnnotationProcessor' to allow for resolving potential circular references
22:43:19.737 [main] DEBUG org.springframework.beans.factory.support.DefaultListableBeanFactory - Finished creating instance of bean 'org.springframework.context.annotation.internalAutowiredAnnotationProcessor'
22:43:19.737 [main] DEBUG org.springframework.beans.factory.support.DefaultListableBeanFactory - Creating shared instance of singleton bean 'org.springframework.context.annotation.internalRequiredAnnotationProcessor'
22:43:19.737 [main] DEBUG org.springframework.beans.factory.support.DefaultListableBeanFactory - Creating instance of bean 'org.springframework.context.annotation.internalRequiredAnnotationProcessor'
22:43:19.737 [main] DEBUG org.springframework.beans.factory.support.DefaultListableBeanFactory - Eagerly caching bean 'org.springframework.context.annotation.internalRequiredAnnotationProcessor' to allow for resolving potential circular references
22:43:19.737 [main] DEBUG org.springframework.beans.factory.support.DefaultListableBeanFactory - Finished creating instance of bean 'org.springframework.context.annotation.internalRequiredAnnotationProcessor'
22:43:19.737 [main] DEBUG org.springframework.beans.factory.support.DefaultListableBeanFactory - Creating shared instance of singleton bean 'org.springframework.context.annotation.ConfigurationClassPostProcessor.importAwareProcessor'
22:43:19.737 [main] DEBUG org.springframework.beans.factory.support.DefaultListableBeanFactory - Creating instance of bean 'org.springframework.context.annotation.ConfigurationClassPostProcessor.importAwareProcessor'
22:43:19.737 [main] DEBUG org.springframework.beans.factory.support.DefaultListableBeanFactory - Eagerly caching bean 'org.springframework.context.annotation.ConfigurationClassPostProcessor.importAwareProcessor' to allow for resolving potential circular references
22:43:19.737 [main] DEBUG org.springframework.beans.factory.support.DefaultListableBeanFactory - Finished creating instance of bean 'org.springframework.context.annotation.ConfigurationClassPostProcessor.importAwareProcessor'
22:43:19.737 [main] DEBUG org.springframework.beans.factory.support.DefaultListableBeanFactory - Creating shared instance of singleton bean 'org.springframework.context.annotation.ConfigurationClassPostProcessor.enhancedConfigurationProcessor'
22:43:19.737 [main] DEBUG org.springframework.beans.factory.support.DefaultListableBeanFactory - Creating instance of bean 'org.springframework.context.annotation.ConfigurationClassPostProcessor.enhancedConfigurationProcessor'
22:43:19.737 [main] DEBUG org.springframework.beans.factory.support.DefaultListableBeanFactory - Eagerly caching bean 'org.springframework.context.annotation.ConfigurationClassPostProcessor.enhancedConfigurationProcessor' to allow for resolving potential circular references
22:43:19.737 [main] DEBUG org.springframework.beans.factory.support.DefaultListableBeanFactory - Finished creating instance of bean 'org.springframework.context.annotation.ConfigurationClassPostProcessor.enhancedConfigurationProcessor'
22:43:19.737 [main] DEBUG org.springframework.beans.factory.support.DefaultListableBeanFactory - Creating shared instance of singleton bean 'org.springframework.aop.config.internalAutoProxyCreator'
22:43:19.737 [main] DEBUG org.springframework.beans.factory.support.DefaultListableBeanFactory - Creating instance of bean 'org.springframework.aop.config.internalAutoProxyCreator'
22:43:19.739 [main] DEBUG org.springframework.beans.factory.support.DefaultListableBeanFactory - Eagerly caching bean 'org.springframework.aop.config.internalAutoProxyCreator' to allow for resolving potential circular references
22:43:19.751 [main] DEBUG org.springframework.beans.factory.support.DefaultListableBeanFactory - Finished creating instance of bean 'org.springframework.aop.config.internalAutoProxyCreator'
22:43:19.751 [main] DEBUG org.springframework.context.support.GenericApplicationContext - Unable to locate MessageSource with name 'messageSource': using default [org.springframework.context.support.DelegatingMessageSource@51b01960]
22:43:19.752 [main] DEBUG org.springframework.context.support.GenericApplicationContext - Unable to locate ApplicationEventMulticaster with name 'applicationEventMulticaster': using default [org.springframework.context.event.SimpleApplicationEventMulticaster@3bb9efbc]
22:43:19.752 [main] DEBUG org.springframework.beans.factory.support.DefaultListableBeanFactory - Pre-instantiating singletons in org.springframework.beans.factory.support.DefaultListableBeanFactory@45c8d09f: defining beans [org.springframework.context.annotation.internalConfigurationAnnotationProcessor,org.springframework.context.annotation.internalAutowiredAnnotationProcessor,org.springframework.context.annotation.internalRequiredAnnotationProcessor,org.springframework.context.event.internalEventListenerProcessor,org.springframework.context.event.internalEventListenerFactory,testAppConfig,org.springframework.context.annotation.ConfigurationClassPostProcessor.importAwareProcessor,org.springframework.context.annotation.ConfigurationClassPostProcessor.enhancedConfigurationProcessor,org.springframework.transaction.annotation.ProxyTransactionManagementConfiguration,org.springframework.transaction.config.internalTransactionAdvisor,transactionAttributeSource,transactionInterceptor,org.springframework.transaction.config.internalTransactionalEventListenerFactory,dataSource,sqlSessionFactory,transactionManager,dataSourceInitializer,mapperScannerConfigurer,org.springframework.aop.config.internalAutoProxyCreator,employeeMapper]; root of factory hierarchy
22:43:19.752 [main] DEBUG org.springframework.beans.factory.support.DefaultListableBeanFactory - Returning cached instance of singleton bean 'org.springframework.context.annotation.internalConfigurationAnnotationProcessor'
22:43:19.752 [main] DEBUG org.springframework.beans.factory.support.DefaultListableBeanFactory - Returning cached instance of singleton bean 'org.springframework.context.annotation.internalAutowiredAnnotationProcessor'
22:43:19.752 [main] DEBUG org.springframework.beans.factory.support.DefaultListableBeanFactory - Returning cached instance of singleton bean 'org.springframework.context.annotation.internalRequiredAnnotationProcessor'
22:43:19.752 [main] DEBUG org.springframework.beans.factory.support.DefaultListableBeanFactory - Creating shared instance of singleton bean 'org.springframework.context.event.internalEventListenerProcessor'
22:43:19.752 [main] DEBUG org.springframework.beans.factory.support.DefaultListableBeanFactory - Creating instance of bean 'org.springframework.context.event.internalEventListenerProcessor'
22:43:19.753 [main] DEBUG org.springframework.beans.factory.support.DefaultListableBeanFactory - Eagerly caching bean 'org.springframework.context.event.internalEventListenerProcessor' to allow for resolving potential circular references
22:43:19.754 [main] DEBUG org.springframework.beans.factory.support.DefaultListableBeanFactory - Creating shared instance of singleton bean 'org.springframework.transaction.config.internalTransactionAdvisor'
22:43:19.754 [main] DEBUG org.springframework.beans.factory.support.DefaultListableBeanFactory - Creating instance of bean 'org.springframework.transaction.config.internalTransactionAdvisor'
22:43:19.754 [main] DEBUG org.springframework.beans.factory.support.DefaultListableBeanFactory - Creating shared instance of singleton bean 'org.springframework.transaction.annotation.ProxyTransactionManagementConfiguration'
22:43:19.754 [main] DEBUG org.springframework.beans.factory.support.DefaultListableBeanFactory - Creating instance of bean 'org.springframework.transaction.annotation.ProxyTransactionManagementConfiguration'
22:43:19.756 [main] DEBUG org.springframework.beans.factory.annotation.InjectionMetadata - Registered injected element on class [org.springframework.transaction.annotation.ProxyTransactionManagementConfiguration$$EnhancerBySpringCGLIB$$54296c56]: AutowiredMethodElement for void org.springframework.transaction.annotation.AbstractTransactionManagementConfiguration.setConfigurers(java.util.Collection)
22:43:19.756 [main] DEBUG org.springframework.beans.factory.support.DefaultListableBeanFactory - Eagerly caching bean 'org.springframework.transaction.annotation.ProxyTransactionManagementConfiguration' to allow for resolving potential circular references
22:43:19.756 [main] DEBUG org.springframework.beans.factory.annotation.InjectionMetadata - Processing injected element of bean 'org.springframework.transaction.annotation.ProxyTransactionManagementConfiguration': AutowiredMethodElement for void org.springframework.transaction.annotation.AbstractTransactionManagementConfiguration.setConfigurers(java.util.Collection)
22:43:19.760 [main] DEBUG org.springframework.beans.factory.support.DefaultListableBeanFactory - Returning cached instance of singleton bean 'org.springframework.context.annotation.ConfigurationClassPostProcessor.importRegistry'
22:43:19.760 [main] DEBUG org.springframework.aop.framework.autoproxy.BeanFactoryAdvisorRetrievalHelper - Skipping currently created advisor 'org.springframework.transaction.config.internalTransactionAdvisor'
22:43:19.761 [main] DEBUG org.springframework.beans.factory.support.DefaultListableBeanFactory - Finished creating instance of bean 'org.springframework.transaction.annotation.ProxyTransactionManagementConfiguration'
22:43:19.767 [main] DEBUG org.springframework.beans.factory.support.DefaultListableBeanFactory - Creating shared instance of singleton bean 'transactionAttributeSource'
22:43:19.767 [main] DEBUG org.springframework.beans.factory.support.DefaultListableBeanFactory - Creating instance of bean 'transactionAttributeSource'
22:43:19.767 [main] DEBUG org.springframework.beans.factory.support.DefaultListableBeanFactory - Returning cached instance of singleton bean 'org.springframework.transaction.annotation.ProxyTransactionManagementConfiguration'
22:43:19.767 [main] DEBUG org.springframework.beans.factory.support.DefaultListableBeanFactory - Eagerly caching bean 'transactionAttributeSource' to allow for resolving potential circular references
22:43:19.768 [main] DEBUG org.springframework.aop.framework.autoproxy.BeanFactoryAdvisorRetrievalHelper - Skipping currently created advisor 'org.springframework.transaction.config.internalTransactionAdvisor'
22:43:19.768 [main] DEBUG org.springframework.beans.factory.support.DefaultListableBeanFactory - Finished creating instance of bean 'transactionAttributeSource'
22:43:19.768 [main] DEBUG org.springframework.beans.factory.support.DefaultListableBeanFactory - Creating shared instance of singleton bean 'transactionInterceptor'
22:43:19.768 [main] DEBUG org.springframework.beans.factory.support.DefaultListableBeanFactory - Creating instance of bean 'transactionInterceptor'
22:43:19.768 [main] DEBUG org.springframework.beans.factory.support.DefaultListableBeanFactory - Returning cached instance of singleton bean 'org.springframework.transaction.annotation.ProxyTransactionManagementConfiguration'
22:43:19.769 [main] DEBUG org.springframework.beans.factory.support.DefaultListableBeanFactory - Returning cached instance of singleton bean 'transactionAttributeSource'
22:43:19.769 [main] DEBUG org.springframework.beans.factory.support.DefaultListableBeanFactory - Eagerly caching bean 'transactionInterceptor' to allow for resolving potential circular references
22:43:19.770 [main] DEBUG org.springframework.beans.factory.support.DefaultListableBeanFactory - Invoking afterPropertiesSet() on bean with name 'transactionInterceptor'
22:43:19.770 [main] DEBUG org.springframework.beans.factory.support.DefaultListableBeanFactory - Finished creating instance of bean 'transactionInterceptor'
22:43:19.771 [main] DEBUG org.springframework.beans.factory.support.DefaultListableBeanFactory - Eagerly caching bean 'org.springframework.transaction.config.internalTransactionAdvisor' to allow for resolving potential circular references
22:43:19.772 [main] DEBUG org.springframework.beans.factory.support.DefaultListableBeanFactory - Finished creating instance of bean 'org.springframework.transaction.config.internalTransactionAdvisor'
22:43:19.773 [main] DEBUG org.springframework.beans.factory.support.DefaultListableBeanFactory - Finished creating instance of bean 'org.springframework.context.event.internalEventListenerProcessor'
22:43:19.773 [main] DEBUG org.springframework.beans.factory.support.DefaultListableBeanFactory - Creating shared instance of singleton bean 'org.springframework.context.event.internalEventListenerFactory'
22:43:19.773 [main] DEBUG org.springframework.beans.factory.support.DefaultListableBeanFactory - Creating instance of bean 'org.springframework.context.event.internalEventListenerFactory'
22:43:19.773 [main] DEBUG org.springframework.beans.factory.support.DefaultListableBeanFactory - Eagerly caching bean 'org.springframework.context.event.internalEventListenerFactory' to allow for resolving potential circular references
22:43:19.774 [main] DEBUG org.springframework.beans.factory.support.DefaultListableBeanFactory - Returning cached instance of singleton bean 'org.springframework.transaction.config.internalTransactionAdvisor'
22:43:19.774 [main] DEBUG org.springframework.beans.factory.support.DefaultListableBeanFactory - Finished creating instance of bean 'org.springframework.context.event.internalEventListenerFactory'
22:43:19.774 [main] DEBUG org.springframework.beans.factory.support.DefaultListableBeanFactory - Creating shared instance of singleton bean 'testAppConfig'
22:43:19.774 [main] DEBUG org.springframework.beans.factory.support.DefaultListableBeanFactory - Creating instance of bean 'testAppConfig'
22:43:19.774 [main] DEBUG org.springframework.beans.factory.support.DefaultListableBeanFactory - Eagerly caching bean 'testAppConfig' to allow for resolving potential circular references
22:43:19.775 [main] DEBUG org.springframework.beans.factory.support.DefaultListableBeanFactory - Returning cached instance of singleton bean 'org.springframework.transaction.config.internalTransactionAdvisor'
22:43:19.776 [main] DEBUG org.springframework.beans.factory.support.DefaultListableBeanFactory - Finished creating instance of bean 'testAppConfig'
22:43:19.776 [main] DEBUG org.springframework.beans.factory.support.DefaultListableBeanFactory - Returning cached instance of singleton bean 'org.springframework.context.annotation.ConfigurationClassPostProcessor.importAwareProcessor'
22:43:19.776 [main] DEBUG org.springframework.beans.factory.support.DefaultListableBeanFactory - Returning cached instance of singleton bean 'org.springframework.context.annotation.ConfigurationClassPostProcessor.enhancedConfigurationProcessor'
22:43:19.776 [main] DEBUG org.springframework.beans.factory.support.DefaultListableBeanFactory - Returning cached instance of singleton bean 'org.springframework.transaction.annotation.ProxyTransactionManagementConfiguration'
22:43:19.776 [main] DEBUG org.springframework.beans.factory.support.DefaultListableBeanFactory - Returning cached instance of singleton bean 'org.springframework.transaction.config.internalTransactionAdvisor'
22:43:19.776 [main] DEBUG org.springframework.beans.factory.support.DefaultListableBeanFactory - Returning cached instance of singleton bean 'transactionAttributeSource'
22:43:19.776 [main] DEBUG org.springframework.beans.factory.support.DefaultListableBeanFactory - Returning cached instance of singleton bean 'transactionInterceptor'
22:43:19.776 [main] DEBUG org.springframework.beans.factory.support.DefaultListableBeanFactory - Creating shared instance of singleton bean 'org.springframework.transaction.config.internalTransactionalEventListenerFactory'
22:43:19.776 [main] DEBUG org.springframework.beans.factory.support.DefaultListableBeanFactory - Creating instance of bean 'org.springframework.transaction.config.internalTransactionalEventListenerFactory'
22:43:19.776 [main] DEBUG org.springframework.beans.factory.support.DefaultListableBeanFactory - Returning cached instance of singleton bean 'org.springframework.transaction.annotation.ProxyTransactionManagementConfiguration'
22:43:19.777 [main] DEBUG org.springframework.beans.factory.support.DefaultListableBeanFactory - Eagerly caching bean 'org.springframework.transaction.config.internalTransactionalEventListenerFactory' to allow for resolving potential circular references
22:43:19.778 [main] DEBUG org.springframework.beans.factory.support.DefaultListableBeanFactory - Returning cached instance of singleton bean 'org.springframework.transaction.config.internalTransactionAdvisor'
22:43:19.778 [main] DEBUG org.springframework.beans.factory.support.DefaultListableBeanFactory - Finished creating instance of bean 'org.springframework.transaction.config.internalTransactionalEventListenerFactory'
22:43:19.778 [main] DEBUG org.springframework.beans.factory.support.DefaultListableBeanFactory - Creating shared instance of singleton bean 'dataSource'
22:43:19.778 [main] DEBUG org.springframework.beans.factory.support.DefaultListableBeanFactory - Creating instance of bean 'dataSource'
22:43:19.778 [main] DEBUG org.springframework.beans.factory.support.DefaultListableBeanFactory - Returning cached instance of singleton bean 'testAppConfig'
22:43:19.787 [main] DEBUG org.springframework.beans.factory.support.DefaultListableBeanFactory - Eagerly caching bean 'dataSource' to allow for resolving potential circular references
22:43:19.791 [main] DEBUG org.springframework.beans.factory.support.DefaultListableBeanFactory - Returning cached instance of singleton bean 'org.springframework.transaction.config.internalTransactionAdvisor'
22:43:19.792 [main] DEBUG org.springframework.beans.factory.support.DefaultListableBeanFactory - Finished creating instance of bean 'dataSource'
22:43:19.792 [main] DEBUG org.springframework.beans.factory.support.DefaultListableBeanFactory - Creating shared instance of singleton bean 'sqlSessionFactory'
22:43:19.792 [main] DEBUG org.springframework.beans.factory.support.DefaultListableBeanFactory - Creating instance of bean 'sqlSessionFactory'
22:43:19.792 [main] DEBUG org.springframework.beans.factory.support.DefaultListableBeanFactory - Returning cached instance of singleton bean 'testAppConfig'
22:43:19.794 [main] DEBUG org.apache.ibatis.logging.LogFactory - Logging initialized using 'class org.apache.ibatis.logging.slf4j.Slf4jImpl' adapter.
22:43:19.794 [main] DEBUG org.springframework.beans.factory.support.DefaultListableBeanFactory - Returning cached instance of singleton bean 'dataSource'
22:43:19.795 [main] DEBUG org.springframework.core.io.support.PathMatchingResourcePatternResolver - Looking for matching resources in directory tree [/Users/pinxbot/Desktop/ralph_loop/examples/asis-legacy/target/classes/mappers]
22:43:19.795 [main] DEBUG org.springframework.core.io.support.PathMatchingResourcePatternResolver - Searching directory [/Users/pinxbot/Desktop/ralph_loop/examples/asis-legacy/target/classes/mappers] for files matching pattern [/Users/pinxbot/Desktop/ralph_loop/examples/asis-legacy/target/classes/mappers/*.xml]
22:43:19.795 [main] DEBUG org.springframework.core.io.support.PathMatchingResourcePatternResolver - Resolved location pattern [classpath:mappers/*.xml] to resources [file [/Users/pinxbot/Desktop/ralph_loop/examples/asis-legacy/target/classes/mappers/EmployeeMapper.xml]]
22:43:19.796 [main] DEBUG org.springframework.beans.factory.support.DefaultListableBeanFactory - Eagerly caching bean 'sqlSessionFactory' to allow for resolving potential circular references
22:43:19.799 [main] DEBUG org.springframework.beans.factory.support.DefaultListableBeanFactory - Invoking afterPropertiesSet() on bean with name 'sqlSessionFactory'
22:43:19.799 [main] DEBUG org.mybatis.spring.SqlSessionFactoryBean - Property 'configuration' or 'configLocation' not specified, using default MyBatis Configuration
22:43:19.806 [main] DEBUG org.apache.ibatis.io.ResolverUtil - Class not found: org.jboss.vfs.VFS
22:43:19.806 [main] DEBUG org.apache.ibatis.io.ResolverUtil - JBoss 6 VFS API is not available in this environment.
22:43:19.806 [main] DEBUG org.apache.ibatis.io.ResolverUtil - Class not found: org.jboss.vfs.VirtualFile
22:43:19.806 [main] DEBUG org.apache.ibatis.io.ResolverUtil - VFS implementation org.apache.ibatis.io.JBoss6VFS is not valid in this environment.
22:43:19.807 [main] DEBUG org.apache.ibatis.io.ResolverUtil - Using VFS adapter org.apache.ibatis.io.DefaultVFS
22:43:19.807 [main] DEBUG org.apache.ibatis.io.ResolverUtil - Find JAR URL: file:/Users/pinxbot/Desktop/ralph_loop/examples/asis-legacy/target/test-classes/com/example/legacy/model
22:43:19.807 [main] DEBUG org.apache.ibatis.io.ResolverUtil - Not a JAR: file:/Users/pinxbot/Desktop/ralph_loop/examples/asis-legacy/target/test-classes/com/example/legacy/model
22:43:19.815 [main] DEBUG org.apache.ibatis.io.ResolverUtil - Reader entry: EmployeeSerializationTest.class
22:43:19.815 [main] DEBUG org.apache.ibatis.io.ResolverUtil - Listing file:/Users/pinxbot/Desktop/ralph_loop/examples/asis-legacy/target/test-classes/com/example/legacy/model
22:43:19.815 [main] DEBUG org.apache.ibatis.io.ResolverUtil - Find JAR URL: file:/Users/pinxbot/Desktop/ralph_loop/examples/asis-legacy/target/test-classes/com/example/legacy/model/EmployeeSerializationTest.class
22:43:19.815 [main] DEBUG org.apache.ibatis.io.ResolverUtil - Not a JAR: file:/Users/pinxbot/Desktop/ralph_loop/examples/asis-legacy/target/test-classes/com/example/legacy/model/EmployeeSerializationTest.class
22:43:19.816 [main] DEBUG org.apache.ibatis.io.ResolverUtil - Reader entry: ����&amp#0;&amp#0;&amp#0;4&amp#1;&amp#14;
22:43:19.817 [main] DEBUG org.apache.ibatis.io.ResolverUtil - Find JAR URL: file:/Users/pinxbot/Desktop/ralph_loop/examples/asis-legacy/target/classes/com/example/legacy/model
22:43:19.817 [main] DEBUG org.apache.ibatis.io.ResolverUtil - Not a JAR: file:/Users/pinxbot/Desktop/ralph_loop/examples/asis-legacy/target/classes/com/example/legacy/model
22:43:19.818 [main] DEBUG org.apache.ibatis.io.ResolverUtil - Reader entry: Employee.class
22:43:19.818 [main] DEBUG org.apache.ibatis.io.ResolverUtil - Reader entry: PageResult.class
22:43:19.818 [main] DEBUG org.apache.ibatis.io.ResolverUtil - Listing file:/Users/pinxbot/Desktop/ralph_loop/examples/asis-legacy/target/classes/com/example/legacy/model
22:43:19.818 [main] DEBUG org.apache.ibatis.io.ResolverUtil - Find JAR URL: file:/Users/pinxbot/Desktop/ralph_loop/examples/asis-legacy/target/classes/com/example/legacy/model/Employee.class
22:43:19.818 [main] DEBUG org.apache.ibatis.io.ResolverUtil - Not a JAR: file:/Users/pinxbot/Desktop/ralph_loop/examples/asis-legacy/target/classes/com/example/legacy/model/Employee.class
22:43:19.819 [main] DEBUG org.apache.ibatis.io.ResolverUtil - Reader entry: ����&amp#0;&amp#0;&amp#0;4&amp#0;U
22:43:19.819 [main] DEBUG org.apache.ibatis.io.ResolverUtil - Find JAR URL: file:/Users/pinxbot/Desktop/ralph_loop/examples/asis-legacy/target/classes/com/example/legacy/model/PageResult.class
22:43:19.819 [main] DEBUG org.apache.ibatis.io.ResolverUtil - Not a JAR: file:/Users/pinxbot/Desktop/ralph_loop/examples/asis-legacy/target/classes/com/example/legacy/model/PageResult.class
22:43:19.819 [main] DEBUG org.apache.ibatis.io.ResolverUtil - Reader entry: ����&amp#0;&amp#0;&amp#0;4&amp#0;8
22:43:19.820 [main] DEBUG org.apache.ibatis.io.ResolverUtil - Checking to see if class com.example.legacy.model.EmployeeSerializationTest matches criteria [is assignable to Object]
22:43:19.820 [main] DEBUG org.apache.ibatis.io.ResolverUtil - Checking to see if class com.example.legacy.model.Employee matches criteria [is assignable to Object]
22:43:19.820 [main] DEBUG org.apache.ibatis.io.ResolverUtil - Checking to see if class com.example.legacy.model.PageResult matches criteria [is assignable to Object]
22:43:19.820 [main] DEBUG org.mybatis.spring.SqlSessionFactoryBean - Scanned package: 'com.example.legacy.model' for aliases
22:43:19.863 [main] DEBUG org.mybatis.spring.SqlSessionFactoryBean - Parsed mapper file: 'file [/Users/pinxbot/Desktop/ralph_loop/examples/asis-legacy/target/classes/mappers/EmployeeMapper.xml]'
22:43:19.863 [main] DEBUG org.springframework.beans.factory.support.DefaultListableBeanFactory - Returning cached instance of singleton bean 'org.springframework.transaction.config.internalTransactionAdvisor'
22:43:19.864 [main] DEBUG org.springframework.beans.factory.support.DefaultListableBeanFactory - Finished creating instance of bean 'sqlSessionFactory'
22:43:19.864 [main] DEBUG org.springframework.beans.factory.support.DefaultListableBeanFactory - Creating shared instance of singleton bean 'transactionManager'
22:43:19.864 [main] DEBUG org.springframework.beans.factory.support.DefaultListableBeanFactory - Creating instance of bean 'transactionManager'
22:43:19.864 [main] DEBUG org.springframework.beans.factory.support.DefaultListableBeanFactory - Returning cached instance of singleton bean 'testAppConfig'
22:43:19.865 [main] DEBUG org.springframework.beans.factory.support.DefaultListableBeanFactory - Returning cached instance of singleton bean 'dataSource'
22:43:19.866 [main] DEBUG org.springframework.beans.factory.support.DefaultListableBeanFactory - Eagerly caching bean 'transactionManager' to allow for resolving potential circular references
22:43:19.868 [main] DEBUG org.springframework.beans.factory.support.DefaultListableBeanFactory - Invoking afterPropertiesSet() on bean with name 'transactionManager'
22:43:19.868 [main] DEBUG org.springframework.beans.factory.support.DefaultListableBeanFactory - Returning cached instance of singleton bean 'org.springframework.transaction.config.internalTransactionAdvisor'
22:43:19.868 [main] DEBUG org.springframework.beans.factory.support.DefaultListableBeanFactory - Finished creating instance of bean 'transactionManager'
22:43:19.868 [main] DEBUG org.springframework.beans.factory.support.DefaultListableBeanFactory - Creating shared instance of singleton bean 'dataSourceInitializer'
22:43:19.868 [main] DEBUG org.springframework.beans.factory.support.DefaultListableBeanFactory - Creating instance of bean 'dataSourceInitializer'
22:43:19.868 [main] DEBUG org.springframework.beans.factory.support.DefaultListableBeanFactory - Returning cached instance of singleton bean 'testAppConfig'
22:43:19.869 [main] DEBUG org.springframework.beans.factory.support.DefaultListableBeanFactory - Returning cached instance of singleton bean 'dataSource'
22:43:19.869 [main] DEBUG org.springframework.beans.factory.support.DefaultListableBeanFactory - Eagerly caching bean 'dataSourceInitializer' to allow for resolving potential circular references
22:43:19.870 [main] DEBUG org.springframework.beans.factory.support.DefaultListableBeanFactory - Invoking afterPropertiesSet() on bean with name 'dataSourceInitializer'
22:43:19.871 [main] DEBUG org.springframework.jdbc.datasource.DataSourceUtils - Fetching JDBC Connection from DataSource
22:43:19.992 [main] INFO org.springframework.jdbc.datasource.init.ScriptUtils - Executing SQL script from class path resource [schema.sql]
22:43:19.993 [main] DEBUG org.springframework.jdbc.datasource.init.ScriptUtils - 0 returned as update count for SQL: DROP TABLE IF EXISTS employees
22:43:20.001 [main] DEBUG org.springframework.jdbc.datasource.init.ScriptUtils - 0 returned as update count for SQL: CREATE TABLE employees ( id BIGINT AUTO_INCREMENT PRIMARY KEY, name VARCHAR(100) NOT NULL, email VARCHAR(255) NOT NULL UNIQUE, department VARCHAR(50) NOT NULL, salary DECIMAL(19,2) NOT NULL CHECK (salary >= 0), hire_date DATE NOT NULL, created_at TIMESTAMP NOT NULL DEFAULT CURRENT_TIMESTAMP, updated_at TIMESTAMP NOT NULL DEFAULT CURRENT_TIMESTAMP )
22:43:20.001 [main] INFO org.springframework.jdbc.datasource.init.ScriptUtils - Executed SQL script from class path resource [schema.sql] in 9 ms.
22:43:20.001 [main] DEBUG org.springframework.jdbc.datasource.DataSourceUtils - Returning JDBC Connection to DataSource
22:43:20.001 [main] DEBUG org.springframework.beans.factory.support.DefaultListableBeanFactory - Returning cached instance of singleton bean 'org.springframework.transaction.config.internalTransactionAdvisor'
22:43:20.001 [main] DEBUG org.springframework.beans.factory.support.DefaultListableBeanFactory - Finished creating instance of bean 'dataSourceInitializer'
22:43:20.001 [main] DEBUG org.springframework.beans.factory.support.DefaultListableBeanFactory - Returning cached instance of singleton bean 'mapperScannerConfigurer'
22:43:20.001 [main] DEBUG org.springframework.beans.factory.support.DefaultListableBeanFactory - Returning cached instance of singleton bean 'org.springframework.aop.config.internalAutoProxyCreator'
22:43:20.001 [main] DEBUG org.springframework.beans.factory.support.DefaultListableBeanFactory - Creating shared instance of singleton bean 'employeeMapper'
22:43:20.001 [main] DEBUG org.springframework.beans.factory.support.DefaultListableBeanFactory - Creating instance of bean 'employeeMapper'
22:43:20.001 [main] DEBUG org.springframework.beans.factory.support.DefaultListableBeanFactory - Eagerly caching bean 'employeeMapper' to allow for resolving potential circular references
22:43:20.003 [main] DEBUG org.springframework.beans.factory.support.DefaultListableBeanFactory - Returning cached instance of singleton bean 'sqlSessionFactory'
22:43:20.003 [main] DEBUG org.springframework.beans.factory.support.DefaultListableBeanFactory - Returning cached instance of singleton bean 'org.springframework.transaction.config.internalTransactionAdvisor'
22:43:20.007 [main] DEBUG org.springframework.beans.factory.support.DefaultListableBeanFactory - Invoking afterPropertiesSet() on bean with name 'employeeMapper'
22:43:20.007 [main] DEBUG org.springframework.beans.factory.support.DefaultListableBeanFactory - Returning cached instance of singleton bean 'org.springframework.transaction.config.internalTransactionAdvisor'
22:43:20.007 [main] DEBUG org.springframework.beans.factory.support.DefaultListableBeanFactory - Finished creating instance of bean 'employeeMapper'
22:43:20.007 [main] DEBUG org.springframework.beans.factory.support.DefaultListableBeanFactory - Returning cached instance of singleton bean 'org.springframework.context.event.internalEventListenerFactory'
22:43:20.007 [main] DEBUG org.springframework.beans.factory.support.DefaultListableBeanFactory - Returning cached instance of singleton bean 'org.springframework.transaction.config.internalTransactionalEventListenerFactory'
22:43:20.021 [main] DEBUG org.springframework.context.support.GenericApplicationContext - Unable to locate LifecycleProcessor with name 'lifecycleProcessor': using default [org.springframework.context.support.DefaultLifecycleProcessor@574cd322]
22:43:20.021 [main] DEBUG org.springframework.beans.factory.support.DefaultListableBeanFactory - Returning cached instance of singleton bean 'lifecycleProcessor'
22:43:20.022 [main] DEBUG org.springframework.beans.factory.support.DefaultListableBeanFactory - Returning cached instance of singleton bean 'sqlSessionFactory'
22:43:20.022 [main] DEBUG org.springframework.core.env.PropertySourcesPropertyResolver - Could not find key 'spring.liveBeansView.mbeanDomain' in any property source
22:43:20.022 [main] DEBUG org.springframework.test.context.cache.DefaultCacheAwareContextLoaderDelegate - Storing ApplicationContext in cache under key [[MergedContextConfiguration@39fcbef6 testClass = EmployeeMapperTest, locations = '{}', classes = '{class com.example.legacy.config.TestAppConfig}', contextInitializerClasses = '[]', activeProfiles = '{}', propertySourceLocations = '{}', propertySourceProperties = '{}', contextCustomizers = set[[empty]], contextLoader = 'org.springframework.test.context.support.DelegatingSmartContextLoader', parent = [null]]]
22:43:20.022 [main] DEBUG org.springframework.test.context.cache - Spring test ApplicationContext cache statistics: [DefaultContextCache@3e47a03 size = 1, maxSize = 32, parentContextCount = 0, hitCount = 0, missCount = 1]
22:43:20.024 [main] DEBUG org.springframework.beans.factory.annotation.InjectionMetadata - Processing injected element of bean 'com.example.legacy.mapper.EmployeeMapperTest': AutowiredFieldElement for private com.example.legacy.mapper.EmployeeMapper com.example.legacy.mapper.EmployeeMapperTest.employeeMapper
22:43:20.024 [main] DEBUG org.springframework.beans.factory.support.DefaultListableBeanFactory - Returning cached instance of singleton bean 'employeeMapper'
22:43:20.025 [main] DEBUG org.springframework.beans.factory.support.DefaultListableBeanFactory - Returning cached instance of singleton bean 'org.springframework.transaction.config.internalTransactionAdvisor'
22:43:20.025 [main] DEBUG org.springframework.beans.factory.annotation.AutowiredAnnotationBeanPostProcessor - Autowiring by type from bean name 'com.example.legacy.mapper.EmployeeMapperTest' to bean named 'employeeMapper'
22:43:20.026 [main] DEBUG org.springframework.beans.factory.support.DefaultListableBeanFactory - Returning cached instance of singleton bean 'org.springframework.transaction.config.internalTransactionAdvisor'
22:43:20.027 [main] DEBUG org.springframework.transaction.annotation.AnnotationTransactionAttributeSource - Adding transactional method 'com.example.legacy.mapper.EmployeeMapperTest.findById_returnsNull_whenNotExists' with attribute: PROPAGATION_REQUIRED,ISOLATION_DEFAULT; ''
22:43:20.027 [main] DEBUG org.springframework.aop.framework.autoproxy.InfrastructureAdvisorAutoProxyCreator - Creating implicit proxy for bean 'com.example.legacy.mapper.EmployeeMapperTest' with 0 common interceptors and 1 specific interceptors
22:43:20.028 [main] DEBUG org.springframework.aop.framework.CglibAopProxy - Creating CGLIB proxy: target source is SingletonTargetSource for target object [com.example.legacy.mapper.EmployeeMapperTest@1c32386d]
22:43:20.030 [main] DEBUG org.springframework.aop.framework.CglibAopProxy - Unable to apply any optimisations to advised method: public void com.example.legacy.mapper.EmployeeMapperTest.findById_returnsNull_whenNotExists()
22:43:20.030 [main] DEBUG org.springframework.transaction.annotation.AnnotationTransactionAttributeSource - Adding transactional method 'com.example.legacy.mapper.EmployeeMapperTest.findAll_respectsOffsetAndLimit' with attribute: PROPAGATION_REQUIRED,ISOLATION_DEFAULT; ''
22:43:20.030 [main] DEBUG org.springframework.aop.framework.CglibAopProxy - Unable to apply any optimisations to advised method: public void com.example.legacy.mapper.EmployeeMapperTest.findAll_respectsOffsetAndLimit()
22:43:20.030 [main] DEBUG org.springframework.transaction.annotation.AnnotationTransactionAttributeSource - Adding transactional method 'com.example.legacy.mapper.EmployeeMapperTest.update_modifiesAllFields' with attribute: PROPAGATION_REQUIRED,ISOLATION_DEFAULT; ''
22:43:20.030 [main] DEBUG org.springframework.aop.framework.CglibAopProxy - Unable to apply any optimisations to advised method: public void com.example.legacy.mapper.EmployeeMapperTest.update_modifiesAllFields()
22:43:20.030 [main] DEBUG org.springframework.transaction.annotation.AnnotationTransactionAttributeSource - Adding transactional method 'com.example.legacy.mapper.EmployeeMapperTest.delete_removesRecord' with attribute: PROPAGATION_REQUIRED,ISOLATION_DEFAULT; ''
22:43:20.030 [main] DEBUG org.springframework.aop.framework.CglibAopProxy - Unable to apply any optimisations to advised method: public void com.example.legacy.mapper.EmployeeMapperTest.delete_removesRecord()
22:43:20.030 [main] DEBUG org.springframework.transaction.annotation.AnnotationTransactionAttributeSource - Adding transactional method 'com.example.legacy.mapper.EmployeeMapperTest.delete_nonExistentId_doesNothing' with attribute: PROPAGATION_REQUIRED,ISOLATION_DEFAULT; ''
22:43:20.030 [main] DEBUG org.springframework.aop.framework.CglibAopProxy - Unable to apply any optimisations to advised method: public void com.example.legacy.mapper.EmployeeMapperTest.delete_nonExistentId_doesNothing()
22:43:20.030 [main] DEBUG org.springframework.transaction.annotation.AnnotationTransactionAttributeSource - Adding transactional method 'com.example.legacy.mapper.EmployeeMapperTest.countAll_returnsZero_whenEmpty' with attribute: PROPAGATION_REQUIRED,ISOLATION_DEFAULT; ''
22:43:20.030 [main] DEBUG org.springframework.aop.framework.CglibAopProxy - Unable to apply any optimisations to advised method: public void com.example.legacy.mapper.EmployeeMapperTest.countAll_returnsZero_whenEmpty()
22:43:20.031 [main] DEBUG org.springframework.transaction.annotation.AnnotationTransactionAttributeSource - Adding transactional method 'com.example.legacy.mapper.EmployeeMapperTest.countAll_returnsCorrectCount' with attribute: PROPAGATION_REQUIRED,ISOLATION_DEFAULT; ''
22:43:20.031 [main] DEBUG org.springframework.aop.framework.CglibAopProxy - Unable to apply any optimisations to advised method: public void com.example.legacy.mapper.EmployeeMapperTest.countAll_returnsCorrectCount()
22:43:20.031 [main] DEBUG org.springframework.transaction.annotation.AnnotationTransactionAttributeSource - Adding transactional method 'com.example.legacy.mapper.EmployeeMapperTest.search_byName_caseInsensitive' with attribute: PROPAGATION_REQUIRED,ISOLATION_DEFAULT; ''
22:43:20.031 [main] DEBUG org.springframework.aop.framework.CglibAopProxy - Unable to apply any optimisations to advised method: public void com.example.legacy.mapper.EmployeeMapperTest.search_byName_caseInsensitive()
22:43:20.031 [main] DEBUG org.springframework.transaction.annotation.AnnotationTransactionAttributeSource - Adding transactional method 'com.example.legacy.mapper.EmployeeMapperTest.search_returnsEmpty_whenNoMatch' with attribute: PROPAGATION_REQUIRED,ISOLATION_DEFAULT; ''
22:43:20.031 [main] DEBUG org.springframework.aop.framework.CglibAopProxy - Unable to apply any optimisations to advised method: public void com.example.legacy.mapper.EmployeeMapperTest.search_returnsEmpty_whenNoMatch()
22:43:20.031 [main] DEBUG org.springframework.transaction.annotation.AnnotationTransactionAttributeSource - Adding transactional method 'com.example.legacy.mapper.EmployeeMapperTest.search_respectsPagination' with attribute: PROPAGATION_REQUIRED,ISOLATION_DEFAULT; ''
22:43:20.031 [main] DEBUG org.springframework.aop.framework.CglibAopProxy - Unable to apply any optimisations to advised method: public void com.example.legacy.mapper.EmployeeMapperTest.search_respectsPagination()
22:43:20.031 [main] DEBUG org.springframework.transaction.annotation.AnnotationTransactionAttributeSource - Adding transactional method 'com.example.legacy.mapper.EmployeeMapperTest.insert_generatesIdAndPersistsRecord' with attribute: PROPAGATION_REQUIRED,ISOLATION_DEFAULT; ''
22:43:20.031 [main] DEBUG org.springframework.aop.framework.CglibAopProxy - Unable to apply any optimisations to advised method: public void com.example.legacy.mapper.EmployeeMapperTest.insert_generatesIdAndPersistsRecord()
22:43:20.031 [main] DEBUG org.springframework.transaction.annotation.AnnotationTransactionAttributeSource - Adding transactional method 'com.example.legacy.mapper.EmployeeMapperTest.findById_returnsEmployee_withAllFields' with attribute: PROPAGATION_REQUIRED,ISOLATION_DEFAULT; ''
22:43:20.031 [main] DEBUG org.springframework.aop.framework.CglibAopProxy - Unable to apply any optimisations to advised method: public void com.example.legacy.mapper.EmployeeMapperTest.findById_returnsEmployee_withAllFields()
22:43:20.031 [main] DEBUG org.springframework.transaction.annotation.AnnotationTransactionAttributeSource - Adding transactional method 'com.example.legacy.mapper.EmployeeMapperTest.findAll_returnsEmpty_whenOffsetBeyondData' with attribute: PROPAGATION_REQUIRED,ISOLATION_DEFAULT; ''
22:43:20.031 [main] DEBUG org.springframework.aop.framework.CglibAopProxy - Unable to apply any optimisations to advised method: public void com.example.legacy.mapper.EmployeeMapperTest.findAll_returnsEmpty_whenOffsetBeyondData()
22:43:20.031 [main] DEBUG org.springframework.transaction.annotation.AnnotationTransactionAttributeSource - Adding transactional method 'com.example.legacy.mapper.EmployeeMapperTest.search_byDepartment_caseInsensitive' with attribute: PROPAGATION_REQUIRED,ISOLATION_DEFAULT; ''
22:43:20.031 [main] DEBUG org.springframework.aop.framework.CglibAopProxy - Unable to apply any optimisations to advised method: public void com.example.legacy.mapper.EmployeeMapperTest.search_byDepartment_caseInsensitive()
22:43:20.031 [main] DEBUG org.springframework.transaction.annotation.AnnotationTransactionAttributeSource - Adding transactional method 'com.example.legacy.mapper.EmployeeMapperTest.search_byNameAndDepartment_returnsOrResults' with attribute: PROPAGATION_REQUIRED,ISOLATION_DEFAULT; ''
22:43:20.031 [main] DEBUG org.springframework.aop.framework.CglibAopProxy - Unable to apply any optimisations to advised method: public void com.example.legacy.mapper.EmployeeMapperTest.search_byNameAndDepartment_returnsOrResults()
22:43:20.031 [main] DEBUG org.springframework.transaction.annotation.AnnotationTransactionAttributeSource - Adding transactional method 'com.example.legacy.mapper.EmployeeMapperTest.countBySearch_nameOnly_returnsMatchCount' with attribute: PROPAGATION_REQUIRED,ISOLATION_DEFAULT; ''
22:43:20.031 [main] DEBUG org.springframework.aop.framework.CglibAopProxy - Unable to apply any optimisations to advised method: public void com.example.legacy.mapper.EmployeeMapperTest.countBySearch_nameOnly_returnsMatchCount()
22:43:20.031 [main] DEBUG org.springframework.transaction.annotation.AnnotationTransactionAttributeSource - Adding transactional method 'com.example.legacy.mapper.EmployeeMapperTest.countBySearch_departmentOnly_returnsMatchCount' with attribute: PROPAGATION_REQUIRED,ISOLATION_DEFAULT; ''
22:43:20.032 [main] DEBUG org.springframework.aop.framework.CglibAopProxy - Unable to apply any optimisations to advised method: public void com.example.legacy.mapper.EmployeeMapperTest.countBySearch_departmentOnly_returnsMatchCount()
22:43:20.032 [main] DEBUG org.springframework.transaction.annotation.AnnotationTransactionAttributeSource - Adding transactional method 'com.example.legacy.mapper.EmployeeMapperTest.countBySearch_nameAndDepartment_returnsOrCount' with attribute: PROPAGATION_REQUIRED,ISOLATION_DEFAULT; ''
22:43:20.032 [main] DEBUG org.springframework.aop.framework.CglibAopProxy - Unable to apply any optimisations to advised method: public void com.example.legacy.mapper.EmployeeMapperTest.countBySearch_nameAndDepartment_returnsOrCount()
22:43:20.032 [main] DEBUG org.springframework.transaction.annotation.AnnotationTransactionAttributeSource - Adding transactional method 'com.example.legacy.mapper.EmployeeMapperTest.findByEmail_returnsEmployee_whenExists' with attribute: PROPAGATION_REQUIRED,ISOLATION_DEFAULT; ''
22:43:20.032 [main] DEBUG org.springframework.aop.framework.CglibAopProxy - Unable to apply any optimisations to advised method: public void com.example.legacy.mapper.EmployeeMapperTest.findByEmail_returnsEmployee_whenExists()
22:43:20.032 [main] DEBUG org.springframework.transaction.annotation.AnnotationTransactionAttributeSource - Adding transactional method 'com.example.legacy.mapper.EmployeeMapperTest.findByEmail_returnsNull_whenNotExists' with attribute: PROPAGATION_REQUIRED,ISOLATION_DEFAULT; ''
22:43:20.032 [main] DEBUG org.springframework.aop.framework.CglibAopProxy - Unable to apply any optimisations to advised method: public void com.example.legacy.mapper.EmployeeMapperTest.findByEmail_returnsNull_whenNotExists()
22:43:20.032 [main] DEBUG org.springframework.aop.framework.CglibAopProxy - Found 'equals' method: public boolean java.lang.Object.equals(java.lang.Object)
22:43:20.032 [main] DEBUG org.springframework.aop.framework.CglibAopProxy - Unable to apply any optimisations to advised method: public java.lang.String java.lang.Object.toString()
22:43:20.032 [main] DEBUG org.springframework.aop.framework.CglibAopProxy - Found 'hashCode' method: public native int java.lang.Object.hashCode()
22:43:20.032 [main] DEBUG org.springframework.aop.framework.CglibAopProxy - Unable to apply any optimisations to advised method: protected native java.lang.Object java.lang.Object.clone() throws java.lang.CloneNotSupportedException
22:43:20.032 [main] DEBUG org.springframework.aop.framework.CglibAopProxy - Method is declared on Advised interface: public abstract int org.springframework.aop.framework.Advised.indexOf(org.springframework.aop.Advisor)
22:43:20.032 [main] DEBUG org.springframework.aop.framework.CglibAopProxy - Method is declared on Advised interface: public abstract int org.springframework.aop.framework.Advised.indexOf(org.aopalliance.aop.Advice)
22:43:20.032 [main] DEBUG org.springframework.aop.framework.CglibAopProxy - Method is declared on Advised interface: public abstract boolean org.springframework.aop.framework.Advised.isFrozen()
22:43:20.032 [main] DEBUG org.springframework.aop.framework.CglibAopProxy - Method is declared on Advised interface: public abstract org.springframework.aop.TargetSource org.springframework.aop.framework.Advised.getTargetSource()
22:43:20.032 [main] DEBUG org.springframework.aop.framework.CglibAopProxy - Method is declared on Advised interface: public abstract boolean org.springframework.aop.framework.Advised.isProxyTargetClass()
22:43:20.032 [main] DEBUG org.springframework.aop.framework.CglibAopProxy - Method is declared on Advised interface: public abstract void org.springframework.aop.framework.Advised.addAdvisor(int,org.springframework.aop.Advisor) throws org.springframework.aop.framework.AopConfigException
22:43:20.032 [main] DEBUG org.springframework.aop.framework.CglibAopProxy - Method is declared on Advised interface: public abstract void org.springframework.aop.framework.Advised.addAdvisor(org.springframework.aop.Advisor) throws org.springframework.aop.framework.AopConfigException
22:43:20.032 [main] DEBUG org.springframework.aop.framework.CglibAopProxy - Method is declared on Advised interface: public abstract void org.springframework.aop.framework.Advised.setPreFiltered(boolean)
22:43:20.032 [main] DEBUG org.springframework.aop.framework.CglibAopProxy - Method is declared on Advised interface: public abstract void org.springframework.aop.framework.Advised.setExposeProxy(boolean)
22:43:20.032 [main] DEBUG org.springframework.aop.framework.CglibAopProxy - Method is declared on Advised interface: public abstract boolean org.springframework.aop.framework.Advised.isExposeProxy()
22:43:20.032 [main] DEBUG org.springframework.aop.framework.CglibAopProxy - Method is declared on Advised interface: public abstract void org.springframework.aop.framework.Advised.setTargetSource(org.springframework.aop.TargetSource)
22:43:20.032 [main] DEBUG org.springframework.aop.framework.CglibAopProxy - Method is declared on Advised interface: public abstract void org.springframework.aop.framework.Advised.addAdvice(org.aopalliance.aop.Advice) throws org.springframework.aop.framework.AopConfigException
22:43:20.032 [main] DEBUG org.springframework.aop.framework.CglibAopProxy - Method is declared on Advised interface: public abstract void org.springframework.aop.framework.Advised.addAdvice(int,org.aopalliance.aop.Advice) throws org.springframework.aop.framework.AopConfigException
22:43:20.032 [main] DEBUG org.springframework.aop.framework.CglibAopProxy - Method is declared on Advised interface: public abstract boolean org.springframework.aop.framework.Advised.isPreFiltered()
22:43:20.032 [main] DEBUG org.springframework.aop.framework.CglibAopProxy - Method is declared on Advised interface: public abstract boolean org.springframework.aop.framework.Advised.isInterfaceProxied(java.lang.Class)
22:43:20.032 [main] DEBUG org.springframework.aop.framework.CglibAopProxy - Method is declared on Advised interface: public abstract org.springframework.aop.Advisor[] org.springframework.aop.framework.Advised.getAdvisors()
22:43:20.032 [main] DEBUG org.springframework.aop.framework.CglibAopProxy - Method is declared on Advised interface: public abstract boolean org.springframework.aop.framework.Advised.removeAdvisor(org.springframework.aop.Advisor)
22:43:20.032 [main] DEBUG org.springframework.aop.framework.CglibAopProxy - Method is declared on Advised interface: public abstract void org.springframework.aop.framework.Advised.removeAdvisor(int) throws org.springframework.aop.framework.AopConfigException
22:43:20.032 [main] DEBUG org.springframework.aop.framework.CglibAopProxy - Method is declared on Advised interface: public abstract boolean org.springframework.aop.framework.Advised.replaceAdvisor(org.springframework.aop.Advisor,org.springframework.aop.Advisor) throws org.springframework.aop.framework.AopConfigException
22:43:20.032 [main] DEBUG org.springframework.aop.framework.CglibAopProxy - Method is declared on Advised interface: public abstract boolean org.springframework.aop.framework.Advised.removeAdvice(org.aopalliance.aop.Advice)
22:43:20.032 [main] DEBUG org.springframework.aop.framework.CglibAopProxy - Method is declared on Advised interface: public abstract java.lang.Class[] org.springframework.aop.framework.Advised.getProxiedInterfaces()
22:43:20.032 [main] DEBUG org.springframework.aop.framework.CglibAopProxy - Method is declared on Advised interface: public abstract java.lang.String org.springframework.aop.framework.Advised.toProxyConfigString()
22:43:20.032 [main] DEBUG org.springframework.aop.framework.CglibAopProxy - Method is declared on Advised interface: public abstract java.lang.Class org.springframework.aop.TargetClassAware.getTargetClass()
22:43:20.042 [main] DEBUG org.springframework.test.context.support.AbstractDirtiesContextTestExecutionListener - Before test method: context [DefaultTestContext@623e088f testClass = EmployeeMapperTest, testInstance = com.example.legacy.mapper.EmployeeMapperTest@1c32386d, testMethod = findById_returnsEmployee_withAllFields@EmployeeMapperTest, testException = [null], mergedContextConfiguration = [MergedContextConfiguration@39fcbef6 testClass = EmployeeMapperTest, locations = '{}', classes = '{class com.example.legacy.config.TestAppConfig}', contextInitializerClasses = '[]', activeProfiles = '{}', propertySourceLocations = '{}', propertySourceProperties = '{}', contextCustomizers = set[[empty]], contextLoader = 'org.springframework.test.context.support.DelegatingSmartContextLoader', parent = [null]]], class annotated with @DirtiesContext [false] with mode [null], method annotated with @DirtiesContext [false] with mode [null].
22:43:20.043 [main] DEBUG org.springframework.transaction.annotation.AnnotationTransactionAttributeSource - Adding transactional method 'com.example.legacy.mapper.EmployeeMapperTest.findById_returnsEmployee_withAllFields' with attribute: PROPAGATION_REQUIRED,ISOLATION_DEFAULT; ''
22:43:20.043 [main] DEBUG org.springframework.test.context.transaction.TransactionalTestExecutionListener - Explicit transaction definition [PROPAGATION_REQUIRED,ISOLATION_DEFAULT; ''] found for test context [DefaultTestContext@623e088f testClass = EmployeeMapperTest, testInstance = com.example.legacy.mapper.EmployeeMapperTest@1c32386d, testMethod = findById_returnsEmployee_withAllFields@EmployeeMapperTest, testException = [null], mergedContextConfiguration = [MergedContextConfiguration@39fcbef6 testClass = EmployeeMapperTest, locations = '{}', classes = '{class com.example.legacy.config.TestAppConfig}', contextInitializerClasses = '[]', activeProfiles = '{}', propertySourceLocations = '{}', propertySourceProperties = '{}', contextCustomizers = set[[empty]], contextLoader = 'org.springframework.test.context.support.DelegatingSmartContextLoader', parent = [null]]]
22:43:20.043 [main] DEBUG org.springframework.test.context.transaction.TransactionalTestExecutionListener - Retrieved @TransactionConfiguration [null] for test class [com.example.legacy.mapper.EmployeeMapperTest].
22:43:20.044 [main] DEBUG org.springframework.test.context.transaction.TransactionalTestExecutionListener - Using TransactionConfigurationAttributes [TransactionConfigurationAttributes@eca6a74 transactionManagerName = '', defaultRollback = true] for test class [com.example.legacy.mapper.EmployeeMapperTest].
22:43:20.044 [main] DEBUG org.springframework.test.context.cache.DefaultCacheAwareContextLoaderDelegate - Retrieved ApplicationContext from cache with key [[MergedContextConfiguration@39fcbef6 testClass = EmployeeMapperTest, locations = '{}', classes = '{class com.example.legacy.config.TestAppConfig}', contextInitializerClasses = '[]', activeProfiles = '{}', propertySourceLocations = '{}', propertySourceProperties = '{}', contextCustomizers = set[[empty]], contextLoader = 'org.springframework.test.context.support.DelegatingSmartContextLoader', parent = [null]]]
22:43:20.044 [main] DEBUG org.springframework.test.context.cache - Spring test ApplicationContext cache statistics: [DefaultContextCache@3e47a03 size = 1, maxSize = 32, parentContextCount = 0, hitCount = 1, missCount = 1]
22:43:20.044 [main] DEBUG org.springframework.beans.factory.support.DefaultListableBeanFactory - Returning cached instance of singleton bean 'transactionManager'
22:43:20.044 [main] DEBUG org.springframework.test.context.transaction.TransactionalTestExecutionListener - No method-level @Rollback override: using default rollback [true] for test context [DefaultTestContext@623e088f testClass = EmployeeMapperTest, testInstance = com.example.legacy.mapper.EmployeeMapperTest@1c32386d, testMethod = findById_returnsEmployee_withAllFields@EmployeeMapperTest, testException = [null], mergedContextConfiguration = [MergedContextConfiguration@39fcbef6 testClass = EmployeeMapperTest, locations = '{}', classes = '{class com.example.legacy.config.TestAppConfig}', contextInitializerClasses = '[]', activeProfiles = '{}', propertySourceLocations = '{}', propertySourceProperties = '{}', contextCustomizers = set[[empty]], contextLoader = 'org.springframework.test.context.support.DelegatingSmartContextLoader', parent = [null]]].
22:43:20.044 [main] DEBUG org.springframework.jdbc.datasource.DataSourceTransactionManager - Creating new transaction with name [com.example.legacy.mapper.EmployeeMapperTest.findById_returnsEmployee_withAllFields]: PROPAGATION_REQUIRED,ISOLATION_DEFAULT; ''
22:43:20.045 [main] DEBUG org.springframework.jdbc.datasource.DataSourceTransactionManager - Acquired Connection [937437482, URL=jdbc:h2:mem:testdb, H2 JDBC Driver] for JDBC transaction
22:43:20.046 [main] DEBUG org.springframework.jdbc.datasource.DataSourceTransactionManager - Switching JDBC Connection [937437482, URL=jdbc:h2:mem:testdb, H2 JDBC Driver] to manual commit
22:43:20.046 [main] INFO org.springframework.test.context.transaction.TransactionContext - Began transaction (1) for test context [DefaultTestContext@623e088f testClass = EmployeeMapperTest, testInstance = com.example.legacy.mapper.EmployeeMapperTest@1c32386d, testMethod = findById_returnsEmployee_withAllFields@EmployeeMapperTest, testException = [null], mergedContextConfiguration = [MergedContextConfiguration@39fcbef6 testClass = EmployeeMapperTest, locations = '{}', classes = '{class com.example.legacy.config.TestAppConfig}', contextInitializerClasses = '[]', activeProfiles = '{}', propertySourceLocations = '{}', propertySourceProperties = '{}', contextCustomizers = set[[empty]], contextLoader = 'org.springframework.test.context.support.DelegatingSmartContextLoader', parent = [null]]]; transaction manager [org.springframework.jdbc.datasource.DataSourceTransactionManager@612e21b9]; rollback [true]
22:43:20.047 [main] DEBUG org.mybatis.spring.SqlSessionUtils - Creating a new SqlSession
22:43:20.049 [main] DEBUG org.mybatis.spring.SqlSessionUtils - Registering transaction synchronization for SqlSession [org.apache.ibatis.session.defaults.DefaultSqlSession@1deceb67]
22:43:20.056 [main] DEBUG org.mybatis.spring.transaction.SpringManagedTransaction - JDBC Connection [937437482, URL=jdbc:h2:mem:testdb, H2 JDBC Driver] will be managed by Spring
22:43:20.056 [main] DEBUG com.example.legacy.mapper.EmployeeMapper.insert - ooo Using Connection [937437482, URL=jdbc:h2:mem:testdb, H2 JDBC Driver]
22:43:20.059 [main] DEBUG com.example.legacy.mapper.EmployeeMapper.insert - ==>  Preparing: INSERT INTO employees (name, email, department, salary, hire_date) VALUES (?, ?, ?, ?, ?) 
22:43:20.078 [main] DEBUG com.example.legacy.mapper.EmployeeMapper.insert - ==> Parameters: Bob(String), bob@example.com(String), Sales(String), 50000.00(BigDecimal), 2023-01-15 00:00:00.0(Timestamp)
22:43:20.083 [main] DEBUG org.mybatis.spring.SqlSessionUtils - Releasing transactional SqlSession [org.apache.ibatis.session.defaults.DefaultSqlSession@1deceb67]
22:43:20.084 [main] DEBUG org.mybatis.spring.SqlSessionUtils - Fetched SqlSession [org.apache.ibatis.session.defaults.DefaultSqlSession@1deceb67] from current transaction
22:43:20.087 [main] DEBUG com.example.legacy.mapper.EmployeeMapper.findById - ooo Using Connection [937437482, URL=jdbc:h2:mem:testdb, H2 JDBC Driver]
22:43:20.087 [main] DEBUG com.example.legacy.mapper.EmployeeMapper.findById - ==>  Preparing: SELECT id, name, email, department, salary, hire_date, created_at, updated_at FROM employees WHERE id = ? 
22:43:20.091 [main] DEBUG com.example.legacy.mapper.EmployeeMapper.findById - ==> Parameters: 1(Long)
22:43:20.102 [main] DEBUG org.mybatis.spring.SqlSessionUtils - Releasing transactional SqlSession [org.apache.ibatis.session.defaults.DefaultSqlSession@1deceb67]
22:43:20.103 [main] DEBUG org.mybatis.spring.SqlSessionUtils - Transaction synchronization deregistering SqlSession [org.apache.ibatis.session.defaults.DefaultSqlSession@1deceb67]
22:43:20.103 [main] DEBUG org.mybatis.spring.SqlSessionUtils - Transaction synchronization closing SqlSession [org.apache.ibatis.session.defaults.DefaultSqlSession@1deceb67]
22:43:20.103 [main] DEBUG org.springframework.jdbc.datasource.DataSourceTransactionManager - Initiating transaction rollback
22:43:20.103 [main] DEBUG org.springframework.jdbc.datasource.DataSourceTransactionManager - Rolling back JDBC transaction on Connection [937437482, URL=jdbc:h2:mem:testdb, H2 JDBC Driver]
22:43:20.103 [main] DEBUG org.springframework.jdbc.datasource.DataSourceTransactionManager - Releasing JDBC Connection [937437482, URL=jdbc:h2:mem:testdb, H2 JDBC Driver] after transaction
22:43:20.103 [main] DEBUG org.springframework.jdbc.datasource.DataSourceUtils - Returning JDBC Connection to DataSource
[...]
22:43:20.163 [main] DEBUG com.example.legacy.mapper.EmployeeMapper.insert - ==> Parameters: Bob Jones(String), bob@example.com(String), Sales(String), 50000.00(BigDecimal), 2023-01-15 00:00:00.0(Timestamp)
22:43:20.163 [main] DEBUG org.mybatis.spring.SqlSessionUtils - Releasing transactional SqlSession [org.apache.ibatis.session.defaults.DefaultSqlSession@354e7004]
22:43:20.163 [main] DEBUG org.mybatis.spring.SqlSessionUtils - Fetched SqlSession [org.apache.ibatis.session.defaults.DefaultSqlSession@354e7004] from current transaction
22:43:20.163 [main] DEBUG com.example.legacy.mapper.EmployeeMapper.searchByNameOrDepartment - ooo Using Connection [1283364748, URL=jdbc:h2:mem:testdb, H2 JDBC Driver]
22:43:20.163 [main] DEBUG com.example.legacy.mapper.EmployeeMapper.searchByNameOrDepartment - ==>  Preparing: SELECT id, name, email, department, salary, hire_date, created_at, updated_at FROM employees WHERE LOWER(name) LIKE LOWER(CONCAT('%', ?, '%')) ORDER BY id LIMIT ? OFFSET ? 
22:43:20.164 [main] DEBUG com.example.legacy.mapper.EmployeeMapper.searchByNameOrDepartment - ==> Parameters: ALICE(String), 10(Integer), 0(Integer)
22:43:20.164 [main] DEBUG org.mybatis.spring.SqlSessionUtils - Releasing transactional SqlSession [org.apache.ibatis.session.defaults.DefaultSqlSession@354e7004]
22:43:20.164 [main] DEBUG org.mybatis.spring.SqlSessionUtils - Transaction synchronization deregistering SqlSession [org.apache.ibatis.session.defaults.DefaultSqlSession@354e7004]
22:43:20.164 [main] DEBUG org.mybatis.spring.SqlSessionUtils - Transaction synchronization closing SqlSession [org.apache.ibatis.session.defaults.DefaultSqlSession@354e7004]
22:43:20.164 [main] DEBUG org.springframework.jdbc.datasource.DataSourceTransactionManager - Initiating transaction rollback
22:43:20.164 [main] DEBUG org.springframework.jdbc.datasource.DataSourceTransactionManager - Rolling back JDBC transaction on Connection [1283364748, URL=jdbc:h2:mem:testdb, H2 JDBC Driver]
22:43:20.164 [main] DEBUG org.springframework.jdbc.datasource.DataSourceTransactionManager - Releasing JDBC Connection [1283364748, URL=jdbc:h2:mem:testdb, H2 JDBC Driver] after transaction
22:43:20.164 [main] DEBUG org.springframework.jdbc.datasource.DataSourceUtils - Returning JDBC Connection to DataSource
22:43:20.164 [main] INFO org.springframework.test.context.transaction.TransactionContext - Rolled back transaction for test context [DefaultTestContext@623e088f testClass = EmployeeMapperTest, testInstance = com.example.legacy.mapper.EmployeeMapperTest@4277127c, testMethod = search_byName_caseInsensitive@EmployeeMapperTest, testException = [null], mergedContextConfiguration = [MergedContextConfiguration@39fcbef6 testClass = EmployeeMapperTest, locations = '{}', classes = '{class com.example.legacy.config.TestAppConfig}', contextInitializerClasses = '[]', activeProfiles = '{}', propertySourceLocations = '{}', propertySourceProperties = '{}', contextCustomizers = set[[empty]], contextLoader = 'org.springframework.test.context.support.DelegatingSmartContextLoader', parent = [null]]].
22:43:20.164 [main] DEBUG org.springframework.test.context.support.AbstractDirtiesContextTestExecutionListener - After test method: context [DefaultTestContext@623e088f testClass = EmployeeMapperTest, testInstance = com.example.legacy.mapper.EmployeeMapperTest@4277127c, testMethod = search_byName_caseInsensitive@EmployeeMapperTest, testException = [null], mergedContextConfiguration = [MergedContextConfiguration@39fcbef6 testClass = EmployeeMapperTest, locations = '{}', classes = '{class com.example.legacy.config.TestAppConfig}', contextInitializerClasses = '[]', activeProfiles = '{}', propertySourceLocations = '{}', propertySourceProperties = '{}', contextCustomizers = set[[empty]], contextLoader = 'org.springframework.test.context.support.DelegatingSmartContextLoader', parent = [null]]], class annotated with @DirtiesContext [false] with mode [null], method annotated with @DirtiesContext [false] with mode [null].
]]></system-out>
  </testcase>
  <testcase name="findAll_respectsOffsetAndLimit" classname="com.example.legacy.mapper.EmployeeMapperTest" time="0.003">
    <system-out><![CDATA[22:43:20.164 [main] DEBUG org.springframework.test.annotation.ProfileValueUtils - Retrieved @ProfileValueSourceConfiguration [null] for test class [com.example.legacy.mapper.EmployeeMapperTest]
22:43:20.164 [main] DEBUG org.springframework.test.annotation.ProfileValueUtils - Retrieved ProfileValueSource type [class org.springframework.test.annotation.SystemProfileValueSource] for class [com.example.legacy.mapper.EmployeeMapperTest]
22:43:20.164 [main] DEBUG org.springframework.test.context.support.DependencyInjectionTestExecutionListener - Performing dependency injection for test context [[DefaultTestContext@623e088f testClass = EmployeeMapperTest, testInstance = com.example.legacy.mapper.EmployeeMapperTest@5875de6a, testMethod = [null], testException = [null], mergedContextConfiguration = [MergedContextConfiguration@39fcbef6 testClass = EmployeeMapperTest, locations = '{}', classes = '{class com.example.legacy.config.TestAppConfig}', contextInitializerClasses = '[]', activeProfiles = '{}', propertySourceLocations = '{}', propertySourceProperties = '{}', contextCustomizers = set[[empty]], contextLoader = 'org.springframework.test.context.support.DelegatingSmartContextLoader', parent = [null]]]].
22:43:20.164 [main] DEBUG org.springframework.test.context.cache.DefaultCacheAwareContextLoaderDelegate - Retrieved ApplicationContext from cache with key [[MergedContextConfiguration@39fcbef6 testClass = EmployeeMapperTest, locations = '{}', classes = '{class com.example.legacy.config.TestAppConfig}', contextInitializerClasses = '[]', activeProfiles = '{}', propertySourceLocations = '{}', propertySourceProperties = '{}', contextCustomizers = set[[empty]], contextLoader = 'org.springframework.test.context.support.DelegatingSmartContextLoader', parent = [null]]]
22:43:20.164 [main] DEBUG org.springframework.test.context.cache - Spring test ApplicationContext cache statistics: [DefaultContextCache@3e47a03 size = 1, maxSize = 32, parentContextCount = 0, hitCount = 38, missCount = 1]
22:43:20.165 [main] DEBUG org.springframework.beans.factory.annotation.InjectionMetadata - Processing injected element of bean 'com.example.legacy.mapper.EmployeeMapperTest': AutowiredFieldElement for private com.example.legacy.mapper.EmployeeMapper com.example.legacy.mapper.EmployeeMapperTest.employeeMapper
22:43:20.165 [main] DEBUG org.springframework.beans.factory.support.DefaultListableBeanFactory - Returning cached instance of singleton bean 'employeeMapper'
22:43:20.165 [main] DEBUG org.springframework.beans.factory.support.DefaultListableBeanFactory - Returning cached instance of singleton bean 'org.springframework.transaction.config.internalTransactionAdvisor'
22:43:20.165 [main] DEBUG org.springframework.aop.framework.autoproxy.InfrastructureAdvisorAutoProxyCreator - Creating implicit proxy for bean 'com.example.legacy.mapper.EmployeeMapperTest' with 0 common interceptors and 1 specific interceptors
22:43:20.165 [main] DEBUG org.springframework.aop.framework.CglibAopProxy - Creating CGLIB proxy: target source is SingletonTargetSource for target object [com.example.legacy.mapper.EmployeeMapperTest@5875de6a]
22:43:20.165 [main] DEBUG org.springframework.test.context.support.AbstractDirtiesContextTestExecutionListener - Before test method: context [DefaultTestContext@623e088f testClass = EmployeeMapperTest, testInstance = com.example.legacy.mapper.EmployeeMapperTest@5875de6a, testMethod = findAll_respectsOffsetAndLimit@EmployeeMapperTest, testException = [null], mergedContextConfiguration = [MergedContextConfiguration@39fcbef6 testClass = EmployeeMapperTest, locations = '{}', classes = '{class com.example.legacy.config.TestAppConfig}', contextInitializerClasses = '[]', activeProfiles = '{}', propertySourceLocations = '{}', propertySourceProperties = '{}', contextCustomizers = set[[empty]], contextLoader = 'org.springframework.test.context.support.DelegatingSmartContextLoader', parent = [null]]], class annotated with @DirtiesContext [false] with mode [null], method annotated with @DirtiesContext [false] with mode [null].
22:43:20.165 [main] DEBUG org.springframework.transaction.annotation.AnnotationTransactionAttributeSource - Adding transactional method 'com.example.legacy.mapper.EmployeeMapperTest.findAll_respectsOffsetAndLimit' with attribute: PROPAGATION_REQUIRED,ISOLATION_DEFAULT; ''
22:43:20.165 [main] DEBUG org.springframework.test.context.transaction.TransactionalTestExecutionListener - Explicit transaction definition [PROPAGATION_REQUIRED,ISOLATION_DEFAULT; ''] found for test context [DefaultTestContext@623e088f testClass = EmployeeMapperTest, testInstance = com.example.legacy.mapper.EmployeeMapperTest@5875de6a, testMethod = findAll_respectsOffsetAndLimit@EmployeeMapperTest, testException = [null], mergedContextConfiguration = [MergedContextConfiguration@39fcbef6 testClass = EmployeeMapperTest, locations = '{}', classes = '{class com.example.legacy.config.TestAppConfig}', contextInitializerClasses = '[]', activeProfiles = '{}', propertySourceLocations = '{}', propertySourceProperties = '{}', contextCustomizers = set[[empty]], contextLoader = 'org.springframework.test.context.support.DelegatingSmartContextLoader', parent = [null]]]
22:43:20.165 [main] DEBUG org.springframework.test.context.cache.DefaultCacheAwareContextLoaderDelegate - Retrieved ApplicationContext from cache with key [[MergedContextConfiguration@39fcbef6 testClass = EmployeeMapperTest, locations = '{}', classes = '{class com.example.legacy.config.TestAppConfig}', contextInitializerClasses = '[]', activeProfiles = '{}', propertySourceLocations = '{}', propertySourceProperties = '{}', contextCustomizers = set[[empty]], contextLoader = 'org.springframework.test.context.support.DelegatingSmartContextLoader', parent = [null]]]
22:43:20.165 [main] DEBUG org.springframework.test.context.cache - Spring test ApplicationContext cache statistics: [DefaultContextCache@3e47a03 size = 1, maxSize = 32, parentContextCount = 0, hitCount = 39, missCount = 1]
22:43:20.165 [main] DEBUG org.springframework.beans.factory.support.DefaultListableBeanFactory - Returning cached instance of singleton bean 'transactionManager'
22:43:20.165 [main] DEBUG org.springframework.test.context.transaction.TransactionalTestExecutionListener - No method-level @Rollback override: using default rollback [true] for test context [DefaultTestContext@623e088f testClass = EmployeeMapperTest, testInstance = com.example.legacy.mapper.EmployeeMapperTest@5875de6a, testMethod = findAll_respectsOffsetAndLimit@EmployeeMapperTest, testException = [null], mergedContextConfiguration = [MergedContextConfiguration@39fcbef6 testClass = EmployeeMapperTest, locations = '{}', classes = '{class com.example.legacy.config.TestAppConfig}', contextInitializerClasses = '[]', activeProfiles = '{}', propertySourceLocations = '{}', propertySourceProperties = '{}', contextCustomizers = set[[empty]], contextLoader = 'org.springframework.test.context.support.DelegatingSmartContextLoader', parent = [null]]].
22:43:20.165 [main] DEBUG org.springframework.jdbc.datasource.DataSourceTransactionManager - Creating new transaction with name [com.example.legacy.mapper.EmployeeMapperTest.findAll_respectsOffsetAndLimit]: PROPAGATION_REQUIRED,ISOLATION_DEFAULT; ''
22:43:20.165 [main] DEBUG org.springframework.jdbc.datasource.DataSourceTransactionManager - Acquired Connection [1620041759, URL=jdbc:h2:mem:testdb, H2 JDBC Driver] for JDBC transaction
22:43:20.165 [main] DEBUG org.springframework.jdbc.datasource.DataSourceTransactionManager - Switching JDBC Connection [1620041759, URL=jdbc:h2:mem:testdb, H2 JDBC Driver] to manual commit
22:43:20.165 [main] INFO org.springframework.test.context.transaction.TransactionContext - Began transaction (1) for test context [DefaultTestContext@623e088f testClass = EmployeeMapperTest, testInstance = com.example.legacy.mapper.EmployeeMapperTest@5875de6a, testMethod = findAll_respectsOffsetAndLimit@EmployeeMapperTest, testException = [null], mergedContextConfiguration = [MergedContextConfiguration@39fcbef6 testClass = EmployeeMapperTest, locations = '{}', classes = '{class com.example.legacy.config.TestAppConfig}', contextInitializerClasses = '[]', activeProfiles = '{}', propertySourceLocations = '{}', propertySourceProperties = '{}', contextCustomizers = set[[empty]], contextLoader = 'org.springframework.test.context.support.DelegatingSmartContextLoader', parent = [null]]]; transaction manager [org.springframework.jdbc.datasource.DataSourceTransactionManager@612e21b9]; rollback [true]
22:43:20.165 [main] DEBUG org.mybatis.spring.SqlSessionUtils - Creating a new SqlSession
22:43:20.165 [main] DEBUG org.mybatis.spring.SqlSessionUtils - Registering transaction synchronization for SqlSession [org.apache.ibatis.session.defaults.DefaultSqlSession@2687725a]
22:43:20.165 [main] DEBUG org.mybatis.spring.transaction.SpringManagedTransaction - JDBC Connection [1620041759, URL=jdbc:h2:mem:testdb, H2 JDBC Driver] will be managed by Spring
22:43:20.165 [main] DEBUG com.example.legacy.mapper.EmployeeMapper.insert - ooo Using Connection [1620041759, URL=jdbc:h2:mem:testdb, H2 JDBC Driver]
22:43:20.165 [main] DEBUG com.example.legacy.mapper.EmployeeMapper.insert - ==>  Preparing: INSERT INTO employees (name, email, department, salary, hire_date) VALUES (?, ?, ?, ?, ?) 
22:43:20.166 [main] DEBUG com.example.legacy.mapper.EmployeeMapper.insert - ==> Parameters: Alice(String), alice@example.com(String), Engineering(String), 50000.00(BigDecimal), 2023-01-15 00:00:00.0(Timestamp)
22:43:20.166 [main] DEBUG org.mybatis.spring.SqlSessionUtils - Releasing transactional SqlSession [org.apache.ibatis.session.defaults.DefaultSqlSession@2687725a]
22:43:20.166 [main] DEBUG org.mybatis.spring.SqlSessionUtils - Fetched SqlSession [org.apache.ibatis.session.defaults.DefaultSqlSession@2687725a] from current transaction
22:43:20.166 [main] DEBUG com.example.legacy.mapper.EmployeeMapper.insert - ooo Using Connection [1620041759, URL=jdbc:h2:mem:testdb, H2 JDBC Driver]
22:43:20.166 [main] DEBUG com.example.legacy.mapper.EmployeeMapper.insert - ==>  Preparing: INSERT INTO employees (name, email, department, salary, hire_date) VALUES (?, ?, ?, ?, ?) 
22:43:20.166 [main] DEBUG com.example.legacy.mapper.EmployeeMapper.insert - ==> Parameters: Bob(String), bob@example.com(String), Sales(String), 50000.00(BigDecimal), 2023-01-15 00:00:00.0(Timestamp)
22:43:20.166 [main] DEBUG org.mybatis.spring.SqlSessionUtils - Releasing transactional SqlSession [org.apache.ibatis.session.defaults.DefaultSqlSession@2687725a]
22:43:20.166 [main] DEBUG org.mybatis.spring.SqlSessionUtils - Fetched SqlSession [org.apache.ibatis.session.defaults.DefaultSqlSession@2687725a] from current transaction
22:43:20.166 [main] DEBUG com.example.legacy.mapper.EmployeeMapper.insert - ooo Using Connection [1620041759, URL=jdbc:h2:mem:testdb, H2 JDBC Driver]
22:43:20.166 [main] DEBUG com.example.legacy.mapper.EmployeeMapper.insert - ==>  Preparing: INSERT INTO employees (name, email, department, salary, hire_date) VALUES (?, ?, ?, ?, ?) 
22:43:20.166 [main] DEBUG com.example.legacy.mapper.EmployeeMapper.insert - ==> Parameters: Carol(String), carol@example.com(String), HR(String), 50000.00(BigDecimal), 2023-01-15 00:00:00.0(Timestamp)
22:43:20.167 [main] DEBUG org.mybatis.spring.SqlSessionUtils - Releasing transactional SqlSession [org.apache.ibatis.session.defaults.DefaultSqlSession@2687725a]
22:43:20.167 [main] DEBUG org.mybatis.spring.SqlSessionUtils - Fetched SqlSession [org.apache.ibatis.session.defaults.DefaultSqlSession@2687725a] from current transaction
22:43:20.167 [main] DEBUG com.example.legacy.mapper.EmployeeMapper.findAll - ooo Using Connection [1620041759, URL=jdbc:h2:mem:testdb, H2 JDBC Driver]
22:43:20.167 [main] DEBUG com.example.legacy.mapper.EmployeeMapper.findAll - ==>  Preparing: SELECT id, name, email, department, salary, hire_date, created_at, updated_at FROM employees ORDER BY id LIMIT ? OFFSET ? 
22:43:20.167 [main] DEBUG com.example.legacy.mapper.EmployeeMapper.findAll - ==> Parameters: 2(Integer), 0(Integer)
22:43:20.167 [main] DEBUG org.mybatis.spring.SqlSessionUtils - Releasing transactional SqlSession [org.apache.ibatis.session.defaults.DefaultSqlSession@2687725a]
22:43:20.167 [main] DEBUG org.mybatis.spring.SqlSessionUtils - Fetched SqlSession [org.apache.ibatis.session.defaults.DefaultSqlSession@2687725a] from current transaction
22:43:20.167 [main] DEBUG com.example.legacy.mapper.EmployeeMapper.findAll - ooo Using Connection [1620041759, URL=jdbc:h2:mem:testdb, H2 JDBC Driver]
22:43:20.167 [main] DEBUG com.example.legacy.mapper.EmployeeMapper.findAll - ==>  Preparing: SELECT id, name, email, department, salary, hire_date, created_at, updated_at FROM employees ORDER BY id LIMIT ? OFFSET ? 
22:43:20.167 [main] DEBUG com.example.legacy.mapper.EmployeeMapper.findAll - ==> Parameters: 2(Integer), 2(Integer)
22:43:20.168 [main] DEBUG org.mybatis.spring.SqlSessionUtils - Releasing transactional SqlSession [org.apache.ibatis.session.defaults.DefaultSqlSession@2687725a]
22:43:20.168 [main] DEBUG org.mybatis.spring.SqlSessionUtils - Transaction synchronization deregistering SqlSession [org.apache.ibatis.session.defaults.DefaultSqlSession@2687725a]
22:43:20.168 [main] DEBUG org.mybatis.spring.SqlSessionUtils - Transaction synchronization closing SqlSession [org.apache.ibatis.session.defaults.DefaultSqlSession@2687725a]
22:43:20.168 [main] DEBUG org.springframework.jdbc.datasource.DataSourceTransactionManager - Initiating transaction rollback
22:43:20.168 [main] DEBUG org.springframework.jdbc.datasource.DataSourceTransactionManager - Rolling back JDBC transaction on Connection [1620041759, URL=jdbc:h2:mem:testdb, H2 JDBC Driver]
22:43:20.168 [main] DEBUG org.springframework.jdbc.datasource.DataSourceTransactionManager - Releasing JDBC Connection [1620041759, URL=jdbc:h2:mem:testdb, H2 JDBC Driver] after transaction
22:43:20.168 [main] DEBUG org.springframework.jdbc.datasource.DataSourceUtils - Returning JDBC Connection to DataSource
22:43:20.168 [main] INFO org.springframework.test.context.transaction.TransactionContext - Rolled back transaction for test context [DefaultTestContext@623e088f testClass = EmployeeMapperTest, testInstance = com.example.legacy.mapper.EmployeeMapperTest@5875de6a, testMethod = findAll_respectsOffsetAndLimit@EmployeeMapperTest, testException = [null], mergedContextConfiguration = [MergedContextConfiguration@39fcbef6 testClass = EmployeeMapperTest, locations = '{}', classes = '{class com.example.legacy.config.TestAppConfig}', contextInitializerClasses = '[]', activeProfiles = '{}', propertySourceLocations = '{}', propertySourceProperties = '{}', contextCustomizers = set[[empty]], contextLoader = 'org.springframework.test.context.support.DelegatingSmartContextLoader', parent = [null]]].
22:43:20.168 [main] DEBUG org.springframework.test.context.support.AbstractDirtiesContextTestExecutionListener - After test method: context [DefaultTestContext@623e088f testClass = EmployeeMapperTest, testInstance = com.example.legacy.mapper.EmployeeMapperTest@5875de6a, testMethod = findAll_respectsOffsetAndLimit@EmployeeMapperTest, testException = [null], mergedContextConfiguration = [MergedContextConfiguration@39fcbef6 testClass = EmployeeMapperTest, locations = '{}', classes = '{class com.example.legacy.config.TestAppConfig}', contextInitializerClasses = '[]', activeProfiles = '{}', propertySourceLocations = '{}', propertySourceProperties = '{}', contextCustomizers = set[[empty]], contextLoader = 'org.springframework.test.context.support.DelegatingSmartContextLoader', parent = [null]]], class annotated with @DirtiesContext [false] with mode [null], method annotated with @DirtiesContext [false] with mode [null].
]]></system-out>
  </testcase>
</testsuite>