<?xml version="1.0" encoding="UTF-8"?>
<testsuite xmlns:xsi="http://www.w3.org/2001/XMLSchema-instance" xsi:noNamespaceSchemaLocation="https://maven.apache.org/surefire/maven-surefire-plugin/xsd/surefire-test-report-3.0.xsd" version="3.0" name="com.example.legacy.validation.EmployeeValidatorTest" time="0.0" tests="5" errors="0" skipped="0" failures="0">
  <properties>
[...]
</properties>
  <testcase name="validateUpdate_emailOfDifferentEmployee_throwsDuplicateEmailException" classname="com.example.legacy.validation.EmployeeValidatorTest" time="0.0"/>
  <testcase name="validateUpdate_uniqueNewEmail_noException" classname="com.example.legacy.validation.EmployeeValidatorTest" time="0.0"/>
  <testcase name="validateCreate_duplicateEmail_throwsDuplicateEmailException" classname="com.example.legacy.validation.EmployeeValidatorTest" time="0.0"/>
  <testcase name="validateUpdate_ownEmail_noException" classname="com.example.legacy.validation.EmployeeValidatorTest" time="0.0"/>
  <testcase name="validateCreate_uniqueEmail_noException" classname="com.example.legacy.validation.EmployeeValidatorTest" time="0.0"/>
</testsuite>